2020-07-02 11:32:57,911 [INFO] Activator:176 - 


2020-07-02 11:32:57,920 [INFO] Activator:177 - !SESSION log4j initialized
2020-07-02 12:26:30,038 [INFO] Activator:176 - 


2020-07-02 12:26:30,043 [INFO] Activator:177 - !SESSION log4j initialized
2020-07-02 12:35:28,715 [INFO] LogOutputStream:76 - [STDOUT_REDIRECT] Compilation Unit @ b
2020-07-02 12:35:28,716 [INFO] LogOutputStream:76 - [STDOUT_REDIRECT] Length: 474
2020-07-02 12:35:28,718 [INFO] LogOutputStream:76 - [STDOUT_REDIRECT] Version: 4
2020-07-02 12:35:28,719 [INFO] LogOutputStream:76 - [STDOUT_REDIRECT] Abbreviation: 0
2020-07-02 12:35:28,720 [INFO] LogOutputStream:76 - [STDOUT_REDIRECT] Address size: 4
2020-07-02 12:35:28,722 [INFO] LogOutputStream:76 - [STDOUT_REDIRECT] Offset size: 4
2020-07-02 12:35:28,724 [INFO] LogOutputStream:76 - [STDOUT_REDIRECT] 	Abrev Entry: 1 11 1
2020-07-02 12:35:28,725 [INFO] LogOutputStream:76 - [STDOUT_REDIRECT] 		 25 8
2020-07-02 12:35:28,726 [INFO] LogOutputStream:76 - [STDOUT_REDIRECT] 		 13 b
2020-07-02 12:35:28,727 [INFO] LogOutputStream:76 - [STDOUT_REDIRECT] 		 3 8
2020-07-02 12:35:28,728 [INFO] LogOutputStream:76 - [STDOUT_REDIRECT] 		 1b 8
2020-07-02 12:35:28,729 [INFO] LogOutputStream:76 - [STDOUT_REDIRECT] 		 11 1
2020-07-02 12:35:28,730 [INFO] LogOutputStream:76 - [STDOUT_REDIRECT] 		 12 6
2020-07-02 12:35:28,731 [INFO] LogOutputStream:76 - [STDOUT_REDIRECT] 		 10 17
2020-07-02 12:35:28,732 [INFO] LogOutputStream:76 - [STDOUT_REDIRECT] 		 2119 17
2020-07-02 12:35:28,733 [INFO] LogOutputStream:76 - [STDOUT_REDIRECT] 		 0 0
2020-07-02 12:35:28,734 [INFO] LogOutputStream:76 - [STDOUT_REDIRECT] 	Abrev Entry: 2 24 0
2020-07-02 12:35:28,735 [INFO] LogOutputStream:76 - [STDOUT_REDIRECT] 		 b b
2020-07-02 12:35:28,736 [INFO] LogOutputStream:76 - [STDOUT_REDIRECT] 		 3e b
2020-07-02 12:35:28,737 [INFO] LogOutputStream:76 - [STDOUT_REDIRECT] 		 3 8
2020-07-02 12:35:28,738 [INFO] LogOutputStream:76 - [STDOUT_REDIRECT] 		 0 0
2020-07-02 12:35:28,740 [INFO] LogOutputStream:76 - [STDOUT_REDIRECT] 	Abrev Entry: 3 13 1
2020-07-02 12:35:28,741 [INFO] LogOutputStream:76 - [STDOUT_REDIRECT] 		 3 8
2020-07-02 12:35:28,742 [INFO] LogOutputStream:76 - [STDOUT_REDIRECT] 		 b b
2020-07-02 12:35:28,743 [INFO] LogOutputStream:76 - [STDOUT_REDIRECT] 		 3a b
2020-07-02 12:35:28,744 [INFO] LogOutputStream:76 - [STDOUT_REDIRECT] 		 3b b
2020-07-02 12:35:28,745 [INFO] LogOutputStream:76 - [STDOUT_REDIRECT] 		 39 b
2020-07-02 12:35:28,745 [INFO] LogOutputStream:76 - [STDOUT_REDIRECT] 		 1 13
2020-07-02 12:35:28,746 [INFO] LogOutputStream:76 - [STDOUT_REDIRECT] 		 0 0
2020-07-02 12:35:28,748 [INFO] LogOutputStream:76 - [STDOUT_REDIRECT] 	Abrev Entry: 4 d 0
2020-07-02 12:35:28,749 [INFO] LogOutputStream:76 - [STDOUT_REDIRECT] 		 3 8
2020-07-02 12:35:28,750 [INFO] LogOutputStream:76 - [STDOUT_REDIRECT] 		 3a b
2020-07-02 12:35:28,751 [INFO] LogOutputStream:76 - [STDOUT_REDIRECT] 		 3b b
2020-07-02 12:35:28,752 [INFO] LogOutputStream:76 - [STDOUT_REDIRECT] 		 39 b
2020-07-02 12:35:28,753 [INFO] LogOutputStream:76 - [STDOUT_REDIRECT] 		 49 13
2020-07-02 12:35:28,754 [INFO] LogOutputStream:76 - [STDOUT_REDIRECT] 		 38 b
2020-07-02 12:35:28,755 [INFO] LogOutputStream:76 - [STDOUT_REDIRECT] 		 0 0
2020-07-02 12:35:28,757 [INFO] LogOutputStream:76 - [STDOUT_REDIRECT] 	Abrev Entry: 5 f 0
2020-07-02 12:35:28,759 [INFO] LogOutputStream:76 - [STDOUT_REDIRECT] 		 b b
2020-07-02 12:35:28,760 [INFO] LogOutputStream:76 - [STDOUT_REDIRECT] 		 49 13
2020-07-02 12:35:28,762 [INFO] LogOutputStream:76 - [STDOUT_REDIRECT] 		 0 0
2020-07-02 12:35:28,763 [INFO] LogOutputStream:76 - [STDOUT_REDIRECT] 	Abrev Entry: 6 16 0
2020-07-02 12:35:28,764 [INFO] LogOutputStream:76 - [STDOUT_REDIRECT] 		 3 8
2020-07-02 12:35:28,765 [INFO] LogOutputStream:76 - [STDOUT_REDIRECT] 		 3a b
2020-07-02 12:35:28,766 [INFO] LogOutputStream:76 - [STDOUT_REDIRECT] 		 3b b
2020-07-02 12:35:28,767 [INFO] LogOutputStream:76 - [STDOUT_REDIRECT] 		 39 b
2020-07-02 12:35:28,768 [INFO] LogOutputStream:76 - [STDOUT_REDIRECT] 		 49 13
2020-07-02 12:35:28,769 [INFO] LogOutputStream:76 - [STDOUT_REDIRECT] 		 0 0
2020-07-02 12:35:28,771 [INFO] LogOutputStream:76 - [STDOUT_REDIRECT] 	Abrev Entry: 7 1 1
2020-07-02 12:35:28,773 [INFO] LogOutputStream:76 - [STDOUT_REDIRECT] 		 49 13
2020-07-02 12:35:28,774 [INFO] LogOutputStream:76 - [STDOUT_REDIRECT] 		 1 13
2020-07-02 12:35:28,776 [INFO] LogOutputStream:76 - [STDOUT_REDIRECT] 		 0 0
2020-07-02 12:35:28,778 [INFO] LogOutputStream:76 - [STDOUT_REDIRECT] 	Abrev Entry: 8 21 0
2020-07-02 12:35:28,780 [INFO] LogOutputStream:76 - [STDOUT_REDIRECT] 		 0 0
2020-07-02 12:35:28,782 [INFO] LogOutputStream:76 - [STDOUT_REDIRECT] 	Abrev Entry: 9 34 0
2020-07-02 12:35:28,784 [INFO] LogOutputStream:76 - [STDOUT_REDIRECT] 		 3 8
2020-07-02 12:35:28,785 [INFO] LogOutputStream:76 - [STDOUT_REDIRECT] 		 3a b
2020-07-02 12:35:28,787 [INFO] LogOutputStream:76 - [STDOUT_REDIRECT] 		 3b b
2020-07-02 12:35:28,789 [INFO] LogOutputStream:76 - [STDOUT_REDIRECT] 		 39 b
2020-07-02 12:35:28,790 [INFO] LogOutputStream:76 - [STDOUT_REDIRECT] 		 49 13
2020-07-02 12:35:28,792 [INFO] LogOutputStream:76 - [STDOUT_REDIRECT] 		 3f 19
2020-07-02 12:35:28,793 [INFO] LogOutputStream:76 - [STDOUT_REDIRECT] 		 3c 19
2020-07-02 12:35:28,794 [INFO] LogOutputStream:76 - [STDOUT_REDIRECT] 		 0 0
2020-07-02 12:35:28,796 [INFO] LogOutputStream:76 - [STDOUT_REDIRECT] 	Abrev Entry: 10 2e 0
2020-07-02 12:35:28,798 [INFO] LogOutputStream:76 - [STDOUT_REDIRECT] 		 3f 19
2020-07-02 12:35:28,798 [INFO] LogOutputStream:76 - [STDOUT_REDIRECT] 		 3 8
2020-07-02 12:35:28,799 [INFO] LogOutputStream:76 - [STDOUT_REDIRECT] 		 3a b
2020-07-02 12:35:28,800 [INFO] LogOutputStream:76 - [STDOUT_REDIRECT] 		 3b b
2020-07-02 12:35:28,801 [INFO] LogOutputStream:76 - [STDOUT_REDIRECT] 		 39 b
2020-07-02 12:35:28,802 [INFO] LogOutputStream:76 - [STDOUT_REDIRECT] 		 27 19
2020-07-02 12:35:28,803 [INFO] LogOutputStream:76 - [STDOUT_REDIRECT] 		 49 13
2020-07-02 12:35:28,803 [INFO] LogOutputStream:76 - [STDOUT_REDIRECT] 		 11 1
2020-07-02 12:35:28,804 [INFO] LogOutputStream:76 - [STDOUT_REDIRECT] 		 12 6
2020-07-02 12:35:28,805 [INFO] LogOutputStream:76 - [STDOUT_REDIRECT] 		 40 18
2020-07-02 12:35:28,806 [INFO] LogOutputStream:76 - [STDOUT_REDIRECT] 		 2116 19
2020-07-02 12:35:28,807 [INFO] LogOutputStream:76 - [STDOUT_REDIRECT] 		 0 0
2020-07-02 12:35:28,810 [INFO] LogOutputStream:76 - [STDOUT_REDIRECT] Compilation Unit @ 1e9
2020-07-02 12:35:28,811 [INFO] LogOutputStream:76 - [STDOUT_REDIRECT] Length: 34
2020-07-02 12:35:28,812 [INFO] LogOutputStream:76 - [STDOUT_REDIRECT] Version: 2
2020-07-02 12:35:28,813 [INFO] LogOutputStream:76 - [STDOUT_REDIRECT] Abbreviation: 153
2020-07-02 12:35:28,814 [INFO] LogOutputStream:76 - [STDOUT_REDIRECT] Address size: 4
2020-07-02 12:35:28,815 [INFO] LogOutputStream:76 - [STDOUT_REDIRECT] Offset size: 4
2020-07-02 12:35:28,817 [INFO] LogOutputStream:76 - [STDOUT_REDIRECT] 	Abrev Entry: 1 11 0
2020-07-02 12:35:28,818 [INFO] LogOutputStream:76 - [STDOUT_REDIRECT] 		 10 6
2020-07-02 12:35:28,818 [INFO] LogOutputStream:76 - [STDOUT_REDIRECT] 		 11 1
2020-07-02 12:35:28,819 [INFO] LogOutputStream:76 - [STDOUT_REDIRECT] 		 12 1
2020-07-02 12:35:28,820 [INFO] LogOutputStream:76 - [STDOUT_REDIRECT] 		 3 e
2020-07-02 12:35:28,821 [INFO] LogOutputStream:76 - [STDOUT_REDIRECT] 		 1b e
2020-07-02 12:35:28,822 [INFO] LogOutputStream:76 - [STDOUT_REDIRECT] 		 25 e
2020-07-02 12:35:28,823 [INFO] LogOutputStream:76 - [STDOUT_REDIRECT] 		 13 5
2020-07-02 12:35:28,823 [INFO] LogOutputStream:76 - [STDOUT_REDIRECT] 		 0 0
2020-07-02 12:35:28,825 [INFO] LogOutputStream:76 - [STDOUT_REDIRECT] Compilation Unit @ 20f
2020-07-02 12:35:28,826 [INFO] LogOutputStream:76 - [STDOUT_REDIRECT] Length: 7842
2020-07-02 12:35:28,827 [INFO] LogOutputStream:76 - [STDOUT_REDIRECT] Version: 4
2020-07-02 12:35:28,829 [INFO] LogOutputStream:76 - [STDOUT_REDIRECT] Abbreviation: 173
2020-07-02 12:35:28,831 [INFO] LogOutputStream:76 - [STDOUT_REDIRECT] Address size: 4
2020-07-02 12:35:28,831 [INFO] LogOutputStream:76 - [STDOUT_REDIRECT] Offset size: 4
2020-07-02 12:35:28,833 [INFO] LogOutputStream:76 - [STDOUT_REDIRECT] 	Abrev Entry: 1 11 1
2020-07-02 12:35:28,834 [INFO] LogOutputStream:76 - [STDOUT_REDIRECT] 		 25 8
2020-07-02 12:35:28,834 [INFO] LogOutputStream:76 - [STDOUT_REDIRECT] 		 13 b
2020-07-02 12:35:28,835 [INFO] LogOutputStream:76 - [STDOUT_REDIRECT] 		 3 8
2020-07-02 12:35:28,836 [INFO] LogOutputStream:76 - [STDOUT_REDIRECT] 		 1b 8
2020-07-02 12:35:28,837 [INFO] LogOutputStream:76 - [STDOUT_REDIRECT] 		 10 17
2020-07-02 12:35:28,837 [INFO] LogOutputStream:76 - [STDOUT_REDIRECT] 		 0 0
2020-07-02 12:35:28,839 [INFO] LogOutputStream:76 - [STDOUT_REDIRECT] 	Abrev Entry: 2 24 0
2020-07-02 12:35:28,840 [INFO] LogOutputStream:76 - [STDOUT_REDIRECT] 		 b b
2020-07-02 12:35:28,840 [INFO] LogOutputStream:76 - [STDOUT_REDIRECT] 		 3e b
2020-07-02 12:35:28,841 [INFO] LogOutputStream:76 - [STDOUT_REDIRECT] 		 3 8
2020-07-02 12:35:28,842 [INFO] LogOutputStream:76 - [STDOUT_REDIRECT] 		 0 0
2020-07-02 12:35:28,843 [INFO] LogOutputStream:76 - [STDOUT_REDIRECT] 	Abrev Entry: 3 26 0
2020-07-02 12:35:28,844 [INFO] LogOutputStream:76 - [STDOUT_REDIRECT] 		 49 13
2020-07-02 12:35:28,844 [INFO] LogOutputStream:76 - [STDOUT_REDIRECT] 		 0 0
2020-07-02 12:35:28,845 [INFO] LogOutputStream:76 - [STDOUT_REDIRECT] 	Abrev Entry: 4 13 1
2020-07-02 12:35:28,846 [INFO] LogOutputStream:76 - [STDOUT_REDIRECT] 		 3 8
2020-07-02 12:35:28,847 [INFO] LogOutputStream:76 - [STDOUT_REDIRECT] 		 b b
2020-07-02 12:35:28,848 [INFO] LogOutputStream:76 - [STDOUT_REDIRECT] 		 3a b
2020-07-02 12:35:28,848 [INFO] LogOutputStream:76 - [STDOUT_REDIRECT] 		 3b b
2020-07-02 12:35:28,849 [INFO] LogOutputStream:76 - [STDOUT_REDIRECT] 		 39 b
2020-07-02 12:35:28,850 [INFO] LogOutputStream:76 - [STDOUT_REDIRECT] 		 1 13
2020-07-02 12:35:28,851 [INFO] LogOutputStream:76 - [STDOUT_REDIRECT] 		 0 0
2020-07-02 12:35:28,852 [INFO] LogOutputStream:76 - [STDOUT_REDIRECT] 	Abrev Entry: 5 d 0
2020-07-02 12:35:28,852 [INFO] LogOutputStream:76 - [STDOUT_REDIRECT] 		 3 8
2020-07-02 12:35:28,853 [INFO] LogOutputStream:76 - [STDOUT_REDIRECT] 		 3a b
2020-07-02 12:35:28,854 [INFO] LogOutputStream:76 - [STDOUT_REDIRECT] 		 3b b
2020-07-02 12:35:28,855 [INFO] LogOutputStream:76 - [STDOUT_REDIRECT] 		 39 b
2020-07-02 12:35:28,855 [INFO] LogOutputStream:76 - [STDOUT_REDIRECT] 		 49 13
2020-07-02 12:35:28,857 [INFO] LogOutputStream:76 - [STDOUT_REDIRECT] 		 38 b
2020-07-02 12:35:28,857 [INFO] LogOutputStream:76 - [STDOUT_REDIRECT] 		 0 0
2020-07-02 12:35:28,858 [INFO] LogOutputStream:76 - [STDOUT_REDIRECT] 	Abrev Entry: 6 f 0
2020-07-02 12:35:28,859 [INFO] LogOutputStream:76 - [STDOUT_REDIRECT] 		 b b
2020-07-02 12:35:28,860 [INFO] LogOutputStream:76 - [STDOUT_REDIRECT] 		 49 13
2020-07-02 12:35:28,860 [INFO] LogOutputStream:76 - [STDOUT_REDIRECT] 		 0 0
2020-07-02 12:35:28,862 [INFO] LogOutputStream:76 - [STDOUT_REDIRECT] 	Abrev Entry: 7 16 0
2020-07-02 12:35:28,862 [INFO] LogOutputStream:76 - [STDOUT_REDIRECT] 		 3 8
2020-07-02 12:35:28,863 [INFO] LogOutputStream:76 - [STDOUT_REDIRECT] 		 3a b
2020-07-02 12:35:28,863 [INFO] LogOutputStream:76 - [STDOUT_REDIRECT] 		 3b b
2020-07-02 12:35:28,864 [INFO] LogOutputStream:76 - [STDOUT_REDIRECT] 		 39 b
2020-07-02 12:35:28,865 [INFO] LogOutputStream:76 - [STDOUT_REDIRECT] 		 49 13
2020-07-02 12:35:28,865 [INFO] LogOutputStream:76 - [STDOUT_REDIRECT] 		 0 0
2020-07-02 12:35:28,866 [INFO] LogOutputStream:76 - [STDOUT_REDIRECT] 	Abrev Entry: 8 1 1
2020-07-02 12:35:28,867 [INFO] LogOutputStream:76 - [STDOUT_REDIRECT] 		 49 13
2020-07-02 12:35:28,868 [INFO] LogOutputStream:76 - [STDOUT_REDIRECT] 		 1 13
2020-07-02 12:35:28,868 [INFO] LogOutputStream:76 - [STDOUT_REDIRECT] 		 0 0
2020-07-02 12:35:28,869 [INFO] LogOutputStream:76 - [STDOUT_REDIRECT] 	Abrev Entry: 9 21 0
2020-07-02 12:35:28,870 [INFO] LogOutputStream:76 - [STDOUT_REDIRECT] 		 0 0
2020-07-02 12:35:28,871 [INFO] LogOutputStream:76 - [STDOUT_REDIRECT] 	Abrev Entry: 10 34 0
2020-07-02 12:35:28,872 [INFO] LogOutputStream:76 - [STDOUT_REDIRECT] 		 3 8
2020-07-02 12:35:28,872 [INFO] LogOutputStream:76 - [STDOUT_REDIRECT] 		 3a b
2020-07-02 12:35:28,873 [INFO] LogOutputStream:76 - [STDOUT_REDIRECT] 		 3b b
2020-07-02 12:35:28,874 [INFO] LogOutputStream:76 - [STDOUT_REDIRECT] 		 39 b
2020-07-02 12:35:28,875 [INFO] LogOutputStream:76 - [STDOUT_REDIRECT] 		 49 13
2020-07-02 12:35:28,875 [INFO] LogOutputStream:76 - [STDOUT_REDIRECT] 		 3f 19
2020-07-02 12:35:28,876 [INFO] LogOutputStream:76 - [STDOUT_REDIRECT] 		 3c 19
2020-07-02 12:35:28,877 [INFO] LogOutputStream:76 - [STDOUT_REDIRECT] 		 0 0
2020-07-02 12:35:28,877 [INFO] LogOutputStream:76 - [STDOUT_REDIRECT] 	Abrev Entry: 11 34 0
2020-07-02 12:35:28,878 [INFO] LogOutputStream:76 - [STDOUT_REDIRECT] 		 3 8
2020-07-02 12:35:28,879 [INFO] LogOutputStream:76 - [STDOUT_REDIRECT] 		 3a b
2020-07-02 12:35:28,880 [INFO] LogOutputStream:76 - [STDOUT_REDIRECT] 		 3b 5
2020-07-02 12:35:28,880 [INFO] LogOutputStream:76 - [STDOUT_REDIRECT] 		 39 b
2020-07-02 12:35:28,881 [INFO] LogOutputStream:76 - [STDOUT_REDIRECT] 		 49 13
2020-07-02 12:35:28,881 [INFO] LogOutputStream:76 - [STDOUT_REDIRECT] 		 3f 19
2020-07-02 12:35:28,882 [INFO] LogOutputStream:76 - [STDOUT_REDIRECT] 		 3c 19
2020-07-02 12:35:28,883 [INFO] LogOutputStream:76 - [STDOUT_REDIRECT] 		 0 0
2020-07-02 12:35:28,884 [INFO] LogOutputStream:76 - [STDOUT_REDIRECT] 	Abrev Entry: 12 21 0
2020-07-02 12:35:28,884 [INFO] LogOutputStream:76 - [STDOUT_REDIRECT] 		 49 13
2020-07-02 12:35:28,885 [INFO] LogOutputStream:76 - [STDOUT_REDIRECT] 		 2f b
2020-07-02 12:35:28,886 [INFO] LogOutputStream:76 - [STDOUT_REDIRECT] 		 0 0
2020-07-02 12:35:28,887 [INFO] LogOutputStream:76 - [STDOUT_REDIRECT] 	Abrev Entry: 13 15 1
2020-07-02 12:35:28,887 [INFO] LogOutputStream:76 - [STDOUT_REDIRECT] 		 27 19
2020-07-02 12:35:28,888 [INFO] LogOutputStream:76 - [STDOUT_REDIRECT] 		 49 13
2020-07-02 12:35:28,889 [INFO] LogOutputStream:76 - [STDOUT_REDIRECT] 		 1 13
2020-07-02 12:35:28,889 [INFO] LogOutputStream:76 - [STDOUT_REDIRECT] 		 0 0
2020-07-02 12:35:28,890 [INFO] LogOutputStream:76 - [STDOUT_REDIRECT] 	Abrev Entry: 14 5 0
2020-07-02 12:35:28,891 [INFO] LogOutputStream:76 - [STDOUT_REDIRECT] 		 49 13
2020-07-02 12:35:28,891 [INFO] LogOutputStream:76 - [STDOUT_REDIRECT] 		 0 0
2020-07-02 12:35:28,892 [INFO] LogOutputStream:76 - [STDOUT_REDIRECT] 	Abrev Entry: 15 26 0
2020-07-02 12:35:28,893 [INFO] LogOutputStream:76 - [STDOUT_REDIRECT] 		 0 0
2020-07-02 12:35:28,894 [INFO] LogOutputStream:76 - [STDOUT_REDIRECT] 	Abrev Entry: 16 4 1
2020-07-02 12:35:28,894 [INFO] LogOutputStream:76 - [STDOUT_REDIRECT] 		 3 8
2020-07-02 12:35:28,895 [INFO] LogOutputStream:76 - [STDOUT_REDIRECT] 		 3e b
2020-07-02 12:35:28,895 [INFO] LogOutputStream:76 - [STDOUT_REDIRECT] 		 b b
2020-07-02 12:35:28,896 [INFO] LogOutputStream:76 - [STDOUT_REDIRECT] 		 49 13
2020-07-02 12:35:28,897 [INFO] LogOutputStream:76 - [STDOUT_REDIRECT] 		 3a b
2020-07-02 12:35:28,897 [INFO] LogOutputStream:76 - [STDOUT_REDIRECT] 		 3b b
2020-07-02 12:35:28,898 [INFO] LogOutputStream:76 - [STDOUT_REDIRECT] 		 39 b
2020-07-02 12:35:28,899 [INFO] LogOutputStream:76 - [STDOUT_REDIRECT] 		 1 13
2020-07-02 12:35:28,899 [INFO] LogOutputStream:76 - [STDOUT_REDIRECT] 		 0 0
2020-07-02 12:35:28,900 [INFO] LogOutputStream:76 - [STDOUT_REDIRECT] 	Abrev Entry: 17 28 0
2020-07-02 12:35:28,901 [INFO] LogOutputStream:76 - [STDOUT_REDIRECT] 		 3 8
2020-07-02 12:35:28,901 [INFO] LogOutputStream:76 - [STDOUT_REDIRECT] 		 1c b
2020-07-02 12:35:28,902 [INFO] LogOutputStream:76 - [STDOUT_REDIRECT] 		 0 0
2020-07-02 12:35:28,903 [INFO] LogOutputStream:76 - [STDOUT_REDIRECT] 	Abrev Entry: 18 13 1
2020-07-02 12:35:28,904 [INFO] LogOutputStream:76 - [STDOUT_REDIRECT] 		 3 8
2020-07-02 12:35:28,904 [INFO] LogOutputStream:76 - [STDOUT_REDIRECT] 		 b 5
2020-07-02 12:35:28,905 [INFO] LogOutputStream:76 - [STDOUT_REDIRECT] 		 3a b
2020-07-02 12:35:28,906 [INFO] LogOutputStream:76 - [STDOUT_REDIRECT] 		 3b b
2020-07-02 12:35:28,906 [INFO] LogOutputStream:76 - [STDOUT_REDIRECT] 		 39 b
2020-07-02 12:35:28,907 [INFO] LogOutputStream:76 - [STDOUT_REDIRECT] 		 1 13
2020-07-02 12:35:28,907 [INFO] LogOutputStream:76 - [STDOUT_REDIRECT] 		 0 0
2020-07-02 12:35:28,908 [INFO] LogOutputStream:76 - [STDOUT_REDIRECT] 	Abrev Entry: 19 d 0
2020-07-02 12:35:28,909 [INFO] LogOutputStream:76 - [STDOUT_REDIRECT] 		 3 8
2020-07-02 12:35:28,910 [INFO] LogOutputStream:76 - [STDOUT_REDIRECT] 		 3a b
2020-07-02 12:35:28,910 [INFO] LogOutputStream:76 - [STDOUT_REDIRECT] 		 3b 5
2020-07-02 12:35:28,911 [INFO] LogOutputStream:76 - [STDOUT_REDIRECT] 		 39 b
2020-07-02 12:35:28,912 [INFO] LogOutputStream:76 - [STDOUT_REDIRECT] 		 49 13
2020-07-02 12:35:28,913 [INFO] LogOutputStream:76 - [STDOUT_REDIRECT] 		 38 b
2020-07-02 12:35:28,913 [INFO] LogOutputStream:76 - [STDOUT_REDIRECT] 		 0 0
2020-07-02 12:35:28,914 [INFO] LogOutputStream:76 - [STDOUT_REDIRECT] 	Abrev Entry: 20 d 0
2020-07-02 12:35:28,915 [INFO] LogOutputStream:76 - [STDOUT_REDIRECT] 		 3 8
2020-07-02 12:35:28,915 [INFO] LogOutputStream:76 - [STDOUT_REDIRECT] 		 3a b
2020-07-02 12:35:28,916 [INFO] LogOutputStream:76 - [STDOUT_REDIRECT] 		 3b 5
2020-07-02 12:35:28,917 [INFO] LogOutputStream:76 - [STDOUT_REDIRECT] 		 39 b
2020-07-02 12:35:28,917 [INFO] LogOutputStream:76 - [STDOUT_REDIRECT] 		 49 13
2020-07-02 12:35:28,918 [INFO] LogOutputStream:76 - [STDOUT_REDIRECT] 		 38 5
2020-07-02 12:35:28,918 [INFO] LogOutputStream:76 - [STDOUT_REDIRECT] 		 0 0
2020-07-02 12:35:28,920 [INFO] LogOutputStream:76 - [STDOUT_REDIRECT] 	Abrev Entry: 21 4 1
2020-07-02 12:35:28,920 [INFO] LogOutputStream:76 - [STDOUT_REDIRECT] 		 3 8
2020-07-02 12:35:28,921 [INFO] LogOutputStream:76 - [STDOUT_REDIRECT] 		 3e b
2020-07-02 12:35:28,921 [INFO] LogOutputStream:76 - [STDOUT_REDIRECT] 		 b b
2020-07-02 12:35:28,922 [INFO] LogOutputStream:76 - [STDOUT_REDIRECT] 		 49 13
2020-07-02 12:35:28,922 [INFO] LogOutputStream:76 - [STDOUT_REDIRECT] 		 3a b
2020-07-02 12:35:28,923 [INFO] LogOutputStream:76 - [STDOUT_REDIRECT] 		 3b 5
2020-07-02 12:35:28,924 [INFO] LogOutputStream:76 - [STDOUT_REDIRECT] 		 39 b
2020-07-02 12:35:28,925 [INFO] LogOutputStream:76 - [STDOUT_REDIRECT] 		 1 13
2020-07-02 12:35:28,925 [INFO] LogOutputStream:76 - [STDOUT_REDIRECT] 		 0 0
2020-07-02 12:35:28,926 [INFO] LogOutputStream:76 - [STDOUT_REDIRECT] 	Abrev Entry: 22 17 0
2020-07-02 12:35:28,927 [INFO] LogOutputStream:76 - [STDOUT_REDIRECT] 		 3 8
2020-07-02 12:35:28,928 [INFO] LogOutputStream:76 - [STDOUT_REDIRECT] 		 3c 19
2020-07-02 12:35:28,929 [INFO] LogOutputStream:76 - [STDOUT_REDIRECT] 		 0 0
2020-07-02 12:35:28,931 [INFO] LogOutputStream:76 - [STDOUT_REDIRECT] 	Abrev Entry: 23 15 0
2020-07-02 12:35:28,931 [INFO] LogOutputStream:76 - [STDOUT_REDIRECT] 		 27 19
2020-07-02 12:35:28,932 [INFO] LogOutputStream:76 - [STDOUT_REDIRECT] 		 0 0
2020-07-02 12:35:28,933 [INFO] LogOutputStream:76 - [STDOUT_REDIRECT] 	Abrev Entry: 24 34 0
2020-07-02 12:35:28,934 [INFO] LogOutputStream:76 - [STDOUT_REDIRECT] 		 47 13
2020-07-02 12:35:28,935 [INFO] LogOutputStream:76 - [STDOUT_REDIRECT] 		 3a b
2020-07-02 12:35:28,936 [INFO] LogOutputStream:76 - [STDOUT_REDIRECT] 		 3b 5
2020-07-02 12:35:28,937 [INFO] LogOutputStream:76 - [STDOUT_REDIRECT] 		 39 b
2020-07-02 12:35:28,937 [INFO] LogOutputStream:76 - [STDOUT_REDIRECT] 		 2 18
2020-07-02 12:35:28,938 [INFO] LogOutputStream:76 - [STDOUT_REDIRECT] 		 0 0
2020-07-03 10:39:11,310 [INFO] Activator:176 - 


2020-07-03 10:39:11,324 [INFO] Activator:177 - !SESSION log4j initialized
2020-07-06 11:47:17,635 [INFO] Activator:176 - 


2020-07-06 11:47:17,653 [INFO] Activator:177 - !SESSION log4j initialized
2020-07-06 14:26:28,731 [INFO] Activator:176 - 


2020-07-06 14:26:28,760 [INFO] Activator:177 - !SESSION log4j initialized
2020-07-07 15:59:27,893 [INFO] Activator:176 - 


2020-07-07 15:59:27,983 [INFO] Activator:177 - !SESSION log4j initialized
2020-07-12 21:18:08,307 [INFO] Activator:176 - 


2020-07-12 21:18:08,337 [INFO] Activator:177 - !SESSION log4j initialized
2020-07-20 13:56:26,365 [INFO] Activator:176 - 


2020-07-20 13:56:26,571 [INFO] Activator:177 - !SESSION log4j initialized
2020-07-20 13:59:23,456 [INFO] ApplicationProperties:181 - Using Application install path: C:\ST\STM32CubeIDE_1.3.0\STM32CubeIDE\plugins\com.st.stm32cube.common.mx_5.6.1.202004052303
2020-07-20 13:59:23,522 [INFO] DbMcusXml:72 - Set database path to: C:\ST\STM32CubeIDE_1.3.0\STM32CubeIDE\plugins\com.st.stm32cube.common.mx_5.6.1.202004052303\\db\/mcu/
2020-07-20 13:59:23,527 [INFO] DbBoardsPdsc:54 - Set plugin database path to: C:\ST\STM32CubeIDE_1.3.0\STM32CubeIDE\plugins\com.st.stm32cube.common.mx_5.6.1.202004052303\\db\/plugins/boardmanager/
2020-07-20 13:59:23,528 [INFO] DbMcus:235 - Set plugin images path to: C:\ST\STM32CubeIDE_1.3.0\STM32CubeIDE\plugins\com.st.stm32cube.common.mx_5.6.1.202004052303\\db\/plugins/mcufinder/images/
2020-07-20 13:59:23,528 [INFO] DbBoards:232 - Set plugin images path to: C:\ST\STM32CubeIDE_1.3.0\STM32CubeIDE\plugins\com.st.stm32cube.common.mx_5.6.1.202004052303\\db\/plugins/mcufinder/images/
2020-07-20 13:59:23,747 [INFO] DbMcusAds:85 - Set database path to: C:\Users\mglocadmin\.stmcufinder\plugins\mcufinder//mcu/
2020-07-20 13:59:23,750 [INFO] DbMcusDocs:108 - Set database path to: C:\Users\mglocadmin\.stmcufinder\plugins\mcufinder//mcu/
2020-07-20 13:59:23,758 [INFO] DbMcusJson:61 - Set database path to: C:\Users\mglocadmin\.stmcufinder\plugins\mcufinder//mcu/
2020-07-20 13:59:23,761 [INFO] DbBoardsDocs:97 - Set database path to: C:\Users\mglocadmin\.stmcufinder\plugins\mcufinder//mcu/
2020-07-20 13:59:23,765 [INFO] DbBoardsJson:51 - Set database path to: C:\Users\mglocadmin\.stmcufinder\plugins\mcufinder//mcu/
2020-07-20 13:59:23,966 [INFO] CrossReferenceDbSqlite:197 - Set database path to: C:\Users\mglocadmin\.stmcufinder\plugins\mcufinder//mcu/cs/
2020-07-20 13:59:24,252 [INFO] RulesReader:52 - Compatibility file has been processed (208 Rules)
2020-07-20 13:59:24,607 [INFO] MicroXplorer:570 - Detected Java Version = 1.8.0_242
2020-07-20 13:59:24,608 [INFO] DbMcusXml:72 - Set database path to: C:\ST\STM32CubeIDE_1.3.0\STM32CubeIDE\plugins\com.st.stm32cube.common.mx_5.6.1.202004052303\\db\/mcu/
2020-07-20 13:59:24,608 [INFO] DbBoardsPdsc:54 - Set plugin database path to: C:\ST\STM32CubeIDE_1.3.0\STM32CubeIDE\plugins\com.st.stm32cube.common.mx_5.6.1.202004052303\\db\/plugins/boardmanager/
2020-07-20 13:59:24,608 [INFO] DbMcus:235 - Set plugin images path to: C:\ST\STM32CubeIDE_1.3.0\STM32CubeIDE\plugins\com.st.stm32cube.common.mx_5.6.1.202004052303\\db\/plugins/mcufinder/images/
2020-07-20 13:59:24,610 [INFO] DbBoards:232 - Set plugin images path to: C:\ST\STM32CubeIDE_1.3.0\STM32CubeIDE\plugins\com.st.stm32cube.common.mx_5.6.1.202004052303\\db\/plugins/mcufinder/images/
2020-07-20 13:59:24,610 [WARN] DbFile:36 - Overriding database path with different value: C:\Users\mglocadmin\.stmcufinder\plugins\mcufinder/ => C:\Users\mglocadmin\.stmcufinder\plugins\mcufinder
2020-07-20 13:59:24,610 [INFO] DbMcusAds:85 - Set database path to: C:\Users\mglocadmin\.stmcufinder\plugins\mcufinder//mcu/
2020-07-20 13:59:24,611 [WARN] DbFile:36 - Overriding database path with different value: C:\Users\mglocadmin\.stmcufinder\plugins\mcufinder/ => C:\Users\mglocadmin\.stmcufinder\plugins\mcufinder
2020-07-20 13:59:24,611 [INFO] DbMcusDocs:108 - Set database path to: C:\Users\mglocadmin\.stmcufinder\plugins\mcufinder//mcu/
2020-07-20 13:59:24,611 [WARN] DbFile:36 - Overriding database path with different value: C:\Users\mglocadmin\.stmcufinder\plugins\mcufinder/ => C:\Users\mglocadmin\.stmcufinder\plugins\mcufinder
2020-07-20 13:59:24,611 [INFO] DbMcusJson:61 - Set database path to: C:\Users\mglocadmin\.stmcufinder\plugins\mcufinder//mcu/
2020-07-20 13:59:24,611 [WARN] DbFile:36 - Overriding database path with different value: C:\Users\mglocadmin\.stmcufinder\plugins\mcufinder/ => C:\Users\mglocadmin\.stmcufinder\plugins\mcufinder
2020-07-20 13:59:24,612 [INFO] DbBoardsDocs:97 - Set database path to: C:\Users\mglocadmin\.stmcufinder\plugins\mcufinder//mcu/
2020-07-20 13:59:24,612 [WARN] DbFile:36 - Overriding database path with different value: C:\Users\mglocadmin\.stmcufinder\plugins\mcufinder/ => C:\Users\mglocadmin\.stmcufinder\plugins\mcufinder
2020-07-20 13:59:24,612 [INFO] DbBoardsJson:51 - Set database path to: C:\Users\mglocadmin\.stmcufinder\plugins\mcufinder//mcu/
2020-07-20 13:59:24,612 [WARN] DbFile:36 - Overriding database path with different value: C:\Users\mglocadmin\.stmcufinder\plugins\mcufinder/ => C:\Users\mglocadmin\.stmcufinder\plugins\mcufinder
2020-07-20 13:59:24,612 [WARN] DbFile:36 - Overriding database path with different value: C:\Users\mglocadmin\.stmcufinder\plugins\mcufinder/ => C:\Users\mglocadmin\.stmcufinder\plugins\mcufinder
2020-07-20 13:59:24,613 [INFO] CrossReferenceDbSqlite:197 - Set database path to: C:\Users\mglocadmin\.stmcufinder\plugins\mcufinder//mcu/cs/
2020-07-20 13:59:24,921 [INFO] MainPanel:181 - HeapMemory: 317718528
2020-07-20 13:59:25,350 [INFO] DbMcusXml:72 - Set database path to: C:\ST\STM32CubeIDE_1.3.0\STM32CubeIDE\plugins\com.st.stm32cube.common.mx_5.6.1.202004052303\\db\/mcu/
2020-07-20 13:59:25,350 [INFO] DbBoardsPdsc:54 - Set plugin database path to: C:\ST\STM32CubeIDE_1.3.0\STM32CubeIDE\plugins\com.st.stm32cube.common.mx_5.6.1.202004052303\\db\/plugins/boardmanager/
2020-07-20 13:59:25,350 [INFO] DbMcus:235 - Set plugin images path to: C:\ST\STM32CubeIDE_1.3.0\STM32CubeIDE\plugins\com.st.stm32cube.common.mx_5.6.1.202004052303\\db\/plugins/mcufinder/images/
2020-07-20 13:59:25,350 [INFO] DbBoards:232 - Set plugin images path to: C:\ST\STM32CubeIDE_1.3.0\STM32CubeIDE\plugins\com.st.stm32cube.common.mx_5.6.1.202004052303\\db\/plugins/mcufinder/images/
2020-07-20 13:59:25,398 [WARN] DbFile:36 - Overriding database path with different value: C:\Users\mglocadmin\.stmcufinder\plugins\mcufinder/ => C:\Users\mglocadmin\.stmcufinder\plugins\mcufinder
2020-07-20 13:59:25,399 [INFO] DbMcusAds:85 - Set database path to: C:\Users\mglocadmin\.stmcufinder\plugins\mcufinder//mcu/
2020-07-20 13:59:25,399 [WARN] DbFile:36 - Overriding database path with different value: C:\Users\mglocadmin\.stmcufinder\plugins\mcufinder/ => C:\Users\mglocadmin\.stmcufinder\plugins\mcufinder
2020-07-20 13:59:25,399 [INFO] DbMcusDocs:108 - Set database path to: C:\Users\mglocadmin\.stmcufinder\plugins\mcufinder//mcu/
2020-07-20 13:59:25,399 [WARN] DbFile:36 - Overriding database path with different value: C:\Users\mglocadmin\.stmcufinder\plugins\mcufinder/ => C:\Users\mglocadmin\.stmcufinder\plugins\mcufinder
2020-07-20 13:59:25,400 [INFO] DbMcusJson:61 - Set database path to: C:\Users\mglocadmin\.stmcufinder\plugins\mcufinder//mcu/
2020-07-20 13:59:25,400 [WARN] DbFile:36 - Overriding database path with different value: C:\Users\mglocadmin\.stmcufinder\plugins\mcufinder/ => C:\Users\mglocadmin\.stmcufinder\plugins\mcufinder
2020-07-20 13:59:25,400 [INFO] DbBoardsDocs:97 - Set database path to: C:\Users\mglocadmin\.stmcufinder\plugins\mcufinder//mcu/
2020-07-20 13:59:25,400 [WARN] DbFile:36 - Overriding database path with different value: C:\Users\mglocadmin\.stmcufinder\plugins\mcufinder/ => C:\Users\mglocadmin\.stmcufinder\plugins\mcufinder
2020-07-20 13:59:25,400 [INFO] DbBoardsJson:51 - Set database path to: C:\Users\mglocadmin\.stmcufinder\plugins\mcufinder//mcu/
2020-07-20 13:59:25,400 [WARN] DbFile:36 - Overriding database path with different value: C:\Users\mglocadmin\.stmcufinder\plugins\mcufinder/ => C:\Users\mglocadmin\.stmcufinder\plugins\mcufinder
2020-07-20 13:59:25,400 [WARN] DbFile:36 - Overriding database path with different value: C:\Users\mglocadmin\.stmcufinder\plugins\mcufinder/ => C:\Users\mglocadmin\.stmcufinder\plugins\mcufinder
2020-07-20 13:59:25,401 [INFO] CrossReferenceDbSqlite:197 - Set database path to: C:\Users\mglocadmin\.stmcufinder\plugins\mcufinder//mcu/cs/
2020-07-20 13:59:25,515 [INFO] ApplicationProperties:181 - Using Application install path: C:\ST\STM32CubeIDE_1.3.0\STM32CubeIDE\plugins\com.st.stm32cube.common.mx_5.6.1.202004052303
2020-07-20 13:59:25,517 [INFO] PluginManage:178 - Search for loadable plugins [exclusion list=, tutovideos]
2020-07-20 13:59:25,553 [INFO] PluginManage:292 - Check plugin analytics
2020-07-20 13:59:25,640 [INFO] PluginManage:342 - Loaded plugin analytics (category:tool,tabindex:-1)
2020-07-20 13:59:25,641 [INFO] PluginManage:292 - Check plugin clock
2020-07-20 13:59:25,755 [INFO] PluginManage:342 - Loaded plugin clock (category:base,tabindex:2)
2020-07-20 13:59:25,756 [INFO] PluginManage:292 - Check plugin ddr
2020-07-20 13:59:25,789 [INFO] PluginManage:342 - Loaded plugin ddr (category:tool,tabindex:6)
2020-07-20 13:59:25,789 [INFO] PluginManage:292 - Check plugin filemanager
2020-07-20 13:59:26,153 [INFO] PluginManage:342 - Loaded plugin filemanager (category:base,tabindex:10)
2020-07-20 13:59:26,154 [INFO] PluginManage:292 - Check plugin ipmanager
2020-07-20 13:59:26,188 [INFO] PluginManage:342 - Loaded plugin ipmanager (category:base,tabindex:5)
2020-07-20 13:59:26,189 [INFO] PluginManage:292 - Check plugin pinoutandconfiguration
2020-07-20 13:59:26,237 [INFO] PluginManage:342 - Loaded plugin pinoutandconfiguration (category:base,tabindex:1)
2020-07-20 13:59:26,237 [INFO] PluginManage:292 - Check plugin pinoutconfig
2020-07-20 13:59:26,376 [INFO] PluginManage:342 - Loaded plugin pinoutconfig (category:base,tabindex:0)
2020-07-20 13:59:26,376 [INFO] PluginManage:292 - Check plugin power
2020-07-20 13:59:26,443 [INFO] PluginManage:342 - Loaded plugin power (category:power,tabindex:4)
2020-07-20 13:59:26,443 [INFO] PluginManage:292 - Check plugin projectmanager
2020-07-20 13:59:26,480 [INFO] PluginManage:342 - Loaded plugin projectmanager (category:projectmanager,tabindex:3)
2020-07-20 13:59:26,480 [INFO] PluginManage:292 - Check plugin thirdparty
2020-07-20 13:59:26,651 [INFO] ThirdPartyDb:295 - Open Third Party DataBase File (C:/Users/mglocadmin/.stm32cubemx/plugins/thirdparty/db/thirdparties_db.xml) : 37 ms. number of Sw pack : 9
2020-07-20 13:59:26,668 [INFO] PluginManage:342 - Loaded plugin thirdparty (category:base,tabindex:-1)
2020-07-20 13:59:26,668 [INFO] PluginManage:292 - Check plugin tools
2020-07-20 13:59:26,707 [INFO] PluginManage:342 - Loaded plugin tools (category:base,tabindex:7)
2020-07-20 13:59:26,708 [INFO] PluginManage:292 - Check plugin tutovideos
2020-07-20 13:59:26,845 [INFO] PluginManage:347 - Ignore plugin tutovideos (category:base)
2020-07-20 13:59:26,845 [INFO] PluginManage:292 - Check plugin updater
2020-07-20 13:59:26,927 [INFO] PluginManage:342 - Loaded plugin updater (category:base,tabindex:12)
2020-07-20 13:59:26,928 [INFO] PluginManage:265 - PluginManage : Loaded plugins [12]
2020-07-20 13:59:27,601 [INFO] PinOutPanel:1420 - setPackage(No Configuration,No Configuration)
2020-07-20 13:59:28,089 [INFO] IPUIPlugin:65 - create IPUIPlugin
2020-07-20 13:59:28,090 [INFO] PluginManager:200 - loadIPPluginJar : add adc
2020-07-20 13:59:28,177 [INFO] IPUIPlugin:65 - create IPUIPlugin
2020-07-20 13:59:28,177 [INFO] PluginManager:200 - loadIPPluginJar : add aes
2020-07-20 13:59:28,246 [INFO] IPUIPlugin:65 - create IPUIPlugin
2020-07-20 13:59:28,247 [INFO] PluginManager:200 - loadIPPluginJar : add can
2020-07-20 13:59:28,319 [INFO] IPUIPlugin:65 - create IPUIPlugin
2020-07-20 13:59:28,319 [INFO] PluginManager:200 - loadIPPluginJar : add comp
2020-07-20 13:59:28,389 [INFO] IPUIPlugin:65 - create IPUIPlugin
2020-07-20 13:59:28,389 [INFO] PluginManager:200 - loadIPPluginJar : add cryp
2020-07-20 13:59:28,478 [INFO] IPUIPlugin:65 - create IPUIPlugin
2020-07-20 13:59:28,478 [INFO] PluginManager:200 - loadIPPluginJar : add dfsdm
2020-07-20 13:59:28,522 [INFO] IPUIPlugin:65 - create IPUIPlugin
2020-07-20 13:59:28,524 [INFO] PluginManager:200 - loadIPPluginJar : add dma
2020-07-20 13:59:28,624 [INFO] IPUIPlugin:65 - create IPUIPlugin
2020-07-20 13:59:28,625 [INFO] PluginManager:200 - loadIPPluginJar : add fatfs
2020-07-20 13:59:28,763 [INFO] IPUIPlugin:65 - create IPUIPlugin
2020-07-20 13:59:28,763 [INFO] PluginManager:200 - loadIPPluginJar : add fmc
2020-07-20 13:59:28,802 [INFO] IPUIPlugin:65 - create IPUIPlugin
2020-07-20 13:59:28,803 [INFO] PluginManager:200 - loadIPPluginJar : add freertos
2020-07-20 13:59:28,896 [INFO] IPUIPlugin:65 - create IPUIPlugin
2020-07-20 13:59:28,897 [INFO] PluginManager:200 - loadIPPluginJar : add genericplugin
2020-07-20 13:59:29,090 [INFO] IPUIPlugin:65 - create IPUIPlugin
2020-07-20 13:59:29,091 [INFO] PluginManager:200 - loadIPPluginJar : add gfxmmu
2020-07-20 13:59:29,287 [INFO] IPUIPlugin:65 - create IPUIPlugin
2020-07-20 13:59:29,287 [INFO] PluginManager:200 - loadIPPluginJar : add gic
2020-07-20 13:59:29,336 [INFO] IPUIPlugin:65 - create IPUIPlugin
2020-07-20 13:59:29,337 [INFO] PluginManager:200 - loadIPPluginJar : add gpio
2020-07-20 13:59:29,458 [INFO] IPUIPlugin:65 - create IPUIPlugin
2020-07-20 13:59:29,459 [INFO] PluginManager:200 - loadIPPluginJar : add gtzc
2020-07-20 13:59:29,507 [INFO] IPUIPlugin:65 - create IPUIPlugin
2020-07-20 13:59:29,507 [INFO] PluginManager:200 - loadIPPluginJar : add hash
2020-07-20 13:59:29,597 [INFO] IPUIPlugin:65 - create IPUIPlugin
2020-07-20 13:59:29,597 [INFO] PluginManager:200 - loadIPPluginJar : add i2c
2020-07-20 13:59:29,650 [INFO] IPUIPlugin:65 - create IPUIPlugin
2020-07-20 13:59:29,651 [INFO] PluginManager:200 - loadIPPluginJar : add i2s
2020-07-20 13:59:29,829 [INFO] IPUIPlugin:65 - create IPUIPlugin
2020-07-20 13:59:29,829 [INFO] PluginManager:200 - loadIPPluginJar : add ipddr
2020-07-20 13:59:29,889 [INFO] IPUIPlugin:65 - create IPUIPlugin
2020-07-20 13:59:29,889 [INFO] PluginManager:200 - loadIPPluginJar : add ltdc
2020-07-20 13:59:29,916 [INFO] IPUIPlugin:65 - create IPUIPlugin
2020-07-20 13:59:29,916 [INFO] PluginManager:200 - loadIPPluginJar : add mdma
2020-07-20 13:59:29,938 [INFO] IPUIPlugin:65 - create IPUIPlugin
2020-07-20 13:59:29,938 [INFO] PluginManager:200 - loadIPPluginJar : add nvic
2020-07-20 13:59:30,009 [INFO] IPUIPlugin:65 - create IPUIPlugin
2020-07-20 13:59:30,009 [INFO] PluginManager:200 - loadIPPluginJar : add opamp
2020-07-20 13:59:30,075 [INFO] IPUIPlugin:65 - create IPUIPlugin
2020-07-20 13:59:30,075 [INFO] PluginManager:200 - loadIPPluginJar : add pdm2pcm
2020-07-20 13:59:30,108 [INFO] IPUIPlugin:65 - create IPUIPlugin
2020-07-20 13:59:30,112 [INFO] PluginManager:200 - loadIPPluginJar : add plateformsettings
2020-07-20 13:59:30,151 [INFO] IPUIPlugin:65 - create IPUIPlugin
2020-07-20 13:59:30,151 [INFO] PluginManager:200 - loadIPPluginJar : add quadspi
2020-07-20 13:59:30,173 [INFO] IPUIPlugin:65 - create IPUIPlugin
2020-07-20 13:59:30,173 [INFO] PluginManager:200 - loadIPPluginJar : add resmgrutility
2020-07-20 13:59:30,247 [INFO] IPUIPlugin:65 - create IPUIPlugin
2020-07-20 13:59:30,247 [INFO] PluginManager:200 - loadIPPluginJar : add sai
2020-07-20 13:59:30,392 [INFO] IPUIPlugin:65 - create IPUIPlugin
2020-07-20 13:59:30,392 [INFO] PluginManager:200 - loadIPPluginJar : add spi
2020-07-20 13:59:30,522 [INFO] IPUIPlugin:65 - create IPUIPlugin
2020-07-20 13:59:30,522 [INFO] PluginManager:200 - loadIPPluginJar : add stm32_wpan
2020-07-20 13:59:30,559 [INFO] IPUIPlugin:65 - create IPUIPlugin
2020-07-20 13:59:30,559 [INFO] PluginManager:200 - loadIPPluginJar : add tim
2020-07-20 13:59:30,666 [INFO] IPUIPlugin:65 - create IPUIPlugin
2020-07-20 13:59:30,667 [INFO] PluginManager:200 - loadIPPluginJar : add touchsensing
2020-07-20 13:59:30,730 [INFO] IPUIPlugin:65 - create IPUIPlugin
2020-07-20 13:59:30,730 [INFO] PluginManager:200 - loadIPPluginJar : add tracer_emb
2020-07-20 13:59:30,778 [INFO] IPUIPlugin:65 - create IPUIPlugin
2020-07-20 13:59:30,778 [INFO] PluginManager:200 - loadIPPluginJar : add ts
2020-07-20 13:59:30,803 [INFO] IPUIPlugin:65 - create IPUIPlugin
2020-07-20 13:59:30,803 [INFO] PluginManager:200 - loadIPPluginJar : add tsc
2020-07-20 13:59:30,830 [INFO] IPUIPlugin:65 - create IPUIPlugin
2020-07-20 13:59:30,830 [INFO] PluginManager:200 - loadIPPluginJar : add ucpd
2020-07-20 13:59:30,891 [INFO] IPUIPlugin:65 - create IPUIPlugin
2020-07-20 13:59:30,891 [INFO] PluginManager:200 - loadIPPluginJar : add usart
2020-07-20 13:59:32,167 [INFO] BoardConnectionPanel:3472 - [DDR PANEL] STM32CubeIDE environment
2020-07-20 13:59:32,168 [INFO] MainDdrPanel:103 - [DDR PANEL] GETTER - cubeProgrammerPath is: null
2020-07-20 13:59:32,663 [FATAL] Updater:277 - Updater called before beeing initialized
2020-07-20 13:59:32,665 [ERROR] IntegrityCheckThread:252 - Cannot obtain thirdParties list 21
2020-07-20 13:59:32,665 [ERROR] IntegrityCheckThread:100 - Unexpected exception IntegrityCheckThread Thread: Updater error
2020-07-20 13:59:32,667 [INFO] ThirdPartyDb:261 - Close Third Party DataBase File (C:/Users/mglocadmin/.stm32cubemx/plugins/thirdparty/db/thirdparties_db.xml)
2020-07-20 13:59:32,721 [FATAL] Updater:277 - Updater called before beeing initialized
2020-07-20 13:59:33,271 [FATAL] Updater:277 - Updater called before beeing initialized
2020-07-20 13:59:33,288 [INFO] PinOutPanel:1420 - setPackage(No Configuration,No Configuration)
2020-07-20 13:59:33,290 [FATAL] Updater:277 - Updater called before beeing initialized
2020-07-20 13:59:33,307 [INFO] BoardConnectionPanel:3472 - [DDR PANEL] STM32CubeIDE environment
2020-07-20 13:59:33,308 [INFO] MainDdrPanel:103 - [DDR PANEL] GETTER - cubeProgrammerPath is: C:\ST\STM32CubeIDE_1.3.0\STM32CubeIDE\plugins\com.st.stm32cube.ide.mcu.externaltools.cubeprogrammer.win32_1.3.0.202002181050\tools\bin
2020-07-20 13:59:33,326 [INFO] ProgrammerExecThread:148 - [ProgrammerAPI] CubeProgrammer command construction: C:\ST\STM32CubeIDE_1.3.0\STM32CubeIDE\plugins\com.st.stm32cube.ide.mcu.externaltools.cubeprogrammer.win32_1.3.0.202002181050\tools\bin\STM32_Programmer_CLI.exe -l
2020-07-20 13:59:34,946 [INFO] MainDdrPanel:93 - [DDR PANEL] SETTER - Set cubeProgrammerPath to: C:\ST\STM32CubeIDE_1.3.0\STM32CubeIDE\plugins\com.st.stm32cube.ide.mcu.externaltools.cubeprogrammer.win32_1.3.0.202002181050\tools\bin
2020-07-20 13:59:35,108 [INFO] Updater:886 - Updater Version found : 5.6.1
2020-07-20 13:59:35,180 [INFO] ApplicationProperties:181 - Using Application install path: C:\ST\STM32CubeIDE_1.3.0\STM32CubeIDE\plugins\com.st.stm32cube.common.mx_5.6.1.202004052303
2020-07-20 13:59:35,826 [INFO] MainUpdater:2230 - connection check result : 10
2020-07-20 13:59:35,826 [INFO] MainUpdater:2874 - Updater definition file requires update
2020-07-20 13:59:35,828 [INFO] MainUpdater:236 - Updater Check For Update Now.
2020-07-20 13:59:35,829 [INFO] MicroXplorer:420 - Change Database Version : DB.5.0.60
2020-07-20 13:59:35,941 [INFO] ServerAccessManage:348 - Download File updaters.zip
2020-07-20 13:59:36,108 [INFO] FileExtend:225 - Unzip File : updaters.zip
2020-07-20 13:59:36,109 [INFO] FileExtend:240 - Standard Zip Deflate
2020-07-20 13:59:41,473 [INFO] ServerAccessManage:348 - Download File PacksControlFlags.xml
2020-07-20 13:59:42,041 [INFO] ServerAccessManage:348 - Download File cubemx.pidx
2020-07-20 13:59:43,880 [INFO] ServerAccessManage:348 - Download File STMicroelectronics.X-CUBE-AI.pdsc
2020-07-20 13:59:45,302 [INFO] LoadServerUpdatesThread:301 - End of LoadServerUpdate Thread
2020-07-20 13:59:45,350 [INFO] ThirdPartyDb:295 - Open Third Party DataBase File (C:/Users/mglocadmin/.stm32cubemx/plugins/thirdparty/db/thirdparties_db.xml) : 9 ms. number of Sw pack : 9
2020-07-20 13:59:45,403 [INFO] CheckServerUpdateThread:92 - End of CheckServer Thread
2020-07-20 13:59:45,496 [INFO] ThirdPartyDb:261 - Close Third Party DataBase File (C:/Users/mglocadmin/.stm32cubemx/plugins/thirdparty/db/thirdparties_db.xml)
2020-07-20 13:59:45,562 [INFO] MainUpdater:2230 - connection check result : 10
2020-07-20 13:59:45,565 [INFO] LogOutputStream:76 - [STDOUT_REDIRECT] Successfull proxy connection.
2020-07-20 13:59:45,587 [INFO] PopulateThirdPartyThread:48 - Ending populate Thread
2020-07-20 13:59:45,611 [INFO] ThirdPartyDb:295 - Open Third Party DataBase File (C:/Users/mglocadmin/.stm32cubemx/plugins/thirdparty/db/thirdparties_db.xml) : 10 ms. number of Sw pack : 10
2020-07-20 13:59:45,614 [INFO] Engine:366 - softwarePackList size : 10
2020-07-20 13:59:45,666 [INFO] Engine:378 - compute dependency for SwPack X-CUBE-AI have been done, and update is requested
2020-07-20 13:59:45,683 [INFO] Engine:378 - compute dependency for SwPack X-CUBE-BLE1 have been done, and update is requested
2020-07-20 13:59:45,694 [INFO] Engine:378 - compute dependency for SwPack X-CUBE-BLE2 have been done, and update is requested
2020-07-20 13:59:45,717 [INFO] Engine:378 - compute dependency for SwPack X-CUBE-GNSS1 have been done, and update is requested
2020-07-20 13:59:46,420 [INFO] Engine:378 - compute dependency for SwPack X-CUBE-MEMS1 have been done, and update is requested
2020-07-20 13:59:46,446 [INFO] Engine:378 - compute dependency for SwPack X-CUBE-NFC4 have been done, and update is requested
2020-07-20 13:59:46,457 [INFO] Engine:378 - compute dependency for SwPack X-CUBE-SUBG2 have been done, and update is requested
2020-07-20 13:59:46,463 [INFO] Engine:382 - compute dependency for SwPack X-CUBE-TOUCHGFX have been done, no update is requested
2020-07-20 13:59:46,468 [INFO] Engine:378 - compute dependency for SwPack X-CUBE-ALGOBUILD have been done, and update is requested
2020-07-20 13:59:46,493 [INFO] Engine:378 - compute dependency for SwPack X-CUBE-AI have been done, and update is requested
2020-07-20 13:59:46,501 [INFO] ThirdPartyDb:261 - Close Third Party DataBase File (C:/Users/mglocadmin/.stm32cubemx/plugins/thirdparty/db/thirdparties_db.xml)
2020-07-20 13:59:46,567 [INFO] ThirdPartyDb:295 - Open Third Party DataBase File (C:/Users/mglocadmin/.stm32cubemx/plugins/thirdparty/db/thirdparties_db.xml) : 8 ms. number of Sw pack : 10
2020-07-20 13:59:46,618 [INFO] ThirdParty:899 - CMSIS Pack Vendor :STMicroelectronics X-CUBE-AI 5.1.2
2020-07-20 13:59:47,975 [INFO] McuFinderGlobals:40 - Set McuFinder mode to 2 (CubeIDE integrated)
2020-07-20 13:59:48,020 [INFO] FinderPluginLoader:86 - Searching for filters in installed packs
2020-07-20 13:59:48,046 [INFO] DbMcusXml:110 - Load MCU database from C:\ST\STM32CubeIDE_1.3.0\STM32CubeIDE\plugins\com.st.stm32cube.common.mx_5.6.1.202004052303\\db\/mcu/families.xml
2020-07-20 13:59:50,035 [INFO] DbMcusJson:90 - JSON generation date=Wed Jun 03 20:40:31 IST 2020 (1591197031)
2020-07-20 13:59:52,451 [INFO] DbMcus:171 - Found 1670 MCUs (1625 are supported by CubeMX, 1625 are visible in CubeMX)
2020-07-20 13:59:52,571 [INFO] ApiDb:158 - Load user favorites file C:\Users\mglocadmin/.stm32cubeide/favorites.mcus.txt: 0 item(s)
2020-07-20 13:59:52,572 [INFO] ApiDb:163 - User favorites MCUs=[]
2020-07-20 13:59:52,572 [INFO] DbMcus:183 - Set 0 / 0 favorites MCUs
2020-07-20 13:59:54,492 [INFO] DbMcusAds:143 - JSON generation date=Thu Apr 30 19:20:56 IST 2020 (1588254656)
2020-07-20 13:59:54,495 [INFO] LoadUrlFilesThread:161 - End of LoadServerUrlFiles without Thread
2020-07-20 13:59:54,567 [INFO] McuDetailPanel:181 - Set advertising image to C:/Users/mglocadmin/STM32Cube/Repository/\PR_STM32Cube_GitHub_0320_V1.png
2020-07-20 13:59:55,944 [INFO] ServerAccessManage:348 - Download File mcusAds.json._tmp_
2020-07-20 13:59:55,977 [INFO] LoadUrlFilesThread:134 - End of LoadUrlFiles Thread
2020-07-20 13:59:56,622 [INFO] ServerAccessManage:348 - Download File mcusDocs.json._tmp_
2020-07-20 13:59:56,844 [INFO] LoadUrlFilesThread:134 - End of LoadUrlFiles Thread
2020-07-20 13:59:57,306 [INFO] ServerAccessManage:348 - Download File mcusFeaturesAndDescription.json._tmp_
2020-07-20 14:00:00,268 [INFO] LoadUrlFilesThread:134 - End of LoadUrlFiles Thread
2020-07-20 14:00:00,804 [INFO] ServerAccessManage:348 - Download File boardsDocs.json._tmp_
2020-07-20 14:00:01,160 [INFO] LoadUrlFilesThread:134 - End of LoadUrlFiles Thread
2020-07-20 14:00:01,642 [INFO] ServerAccessManage:348 - Download File boards.json._tmp_
2020-07-20 14:00:01,919 [INFO] LoadUrlFilesThread:134 - End of LoadUrlFiles Thread
2020-07-20 14:00:02,496 [INFO] ServerAccessManage:348 - Download File crdb.zip
2020-07-20 14:00:03,435 [INFO] FileExtend:225 - Unzip File : crdb.zip
2020-07-20 14:00:03,438 [INFO] FileExtend:240 - Standard Zip Deflate
2020-07-20 14:00:03,674 [INFO] LoadUrlFilesThread:134 - End of LoadUrlFiles Thread
2020-07-20 14:00:03,675 [INFO] DbMcusAds:143 - JSON generation date=Mon Jul 13 21:30:47 IST 2020 (1594656047)
2020-07-20 14:00:03,685 [INFO] DbMcusDocs:142 - JSON generation date=Thu Jul 02 21:17:47 IST 2020 (1593704867)
2020-07-20 14:00:04,120 [INFO] DbMcusDocs:77 - Found 579 MCUs documents
2020-07-20 14:00:04,123 [INFO] ApiDb:186 - Save user favorites file C:\Users\mglocadmin/.stm32cubeide/favorites.mcus.txt: 0 item(s)
2020-07-20 14:00:04,123 [INFO] ApiDb:191 - User favorites MCUs=[]
2020-07-20 14:00:04,124 [INFO] DbMcusXml:110 - Load MCU database from C:\ST\STM32CubeIDE_1.3.0\STM32CubeIDE\plugins\com.st.stm32cube.common.mx_5.6.1.202004052303\\db\/mcu/families.xml
2020-07-20 14:00:05,090 [INFO] DbMcusJson:90 - JSON generation date=Thu Jul 02 21:17:47 IST 2020 (1593704867)
2020-07-20 14:00:06,231 [INFO] DbMcus:171 - Found 1670 MCUs (1625 are supported by CubeMX, 1625 are visible in CubeMX)
2020-07-20 14:00:06,232 [INFO] ApiDb:158 - Load user favorites file C:\Users\mglocadmin/.stm32cubeide/favorites.mcus.txt: 0 item(s)
2020-07-20 14:00:06,232 [INFO] ApiDb:163 - User favorites MCUs=[]
2020-07-20 14:00:06,233 [INFO] DbMcus:183 - Set 0 / 0 favorites MCUs
2020-07-20 14:00:06,382 [INFO] McuFilterPanel:249 - Update 0 favorites MCUs
2020-07-20 14:00:06,954 [INFO] DbBoardsDocs:131 - JSON generation date=Thu Jul 02 21:17:47 IST 2020 (1593704867)
2020-07-20 14:00:07,310 [INFO] DbBoardsPdsc:92 - Found 22 items
2020-07-20 14:00:07,332 [INFO] DbBoardsPdsc:92 - Found 9 items
2020-07-20 14:00:07,382 [INFO] DbBoardsPdsc:92 - Found 28 items
2020-07-20 14:00:07,405 [INFO] DbBoardsPdsc:92 - Found 1 items
2020-07-20 14:00:07,446 [INFO] DbBoardsPdsc:92 - Found 40 items
2020-07-20 14:00:07,475 [INFO] DbBoardsPdsc:92 - Found 39 items
2020-07-20 14:00:07,539 [INFO] DbBoardsPdsc:92 - Found 2 items
2020-07-20 14:00:07,574 [INFO] DbBoardsPdsc:92 - Found 4 items
2020-07-20 14:00:07,601 [WARN] DbBoardsPdsc:256 - Board STM32H7B3I-DK: unknown feature type=Audio, name=, username=Audio stereo codec with Headphone Amp (CS42L51-CNZ), n=1
2020-07-20 14:00:07,601 [WARN] DbBoardsPdsc:256 - Board STM32H7B3I-DK: unknown feature type=WIFI, name=, username=WIFI 802.11 b/g/n, n=1
2020-07-20 14:00:07,610 [WARN] DbBoardsPdsc:256 - Board STM32H7B3I-EVAL: unknown feature type=Audio, name=, username=Multi-Channel Audio Codec (CS42L51-CNZ), n=1
2020-07-20 14:00:07,610 [WARN] DbBoardsPdsc:256 - Board STM32H7B3I-EVAL: unknown feature type=Meter, name=, username=Power-metering and Temperature-monitoring with sigma-delta modulators, n=1
2020-07-20 14:00:07,610 [WARN] DbBoardsPdsc:256 - Board STM32H7B3I-EVAL: unknown feature type=WIFI, name=, username=WIFI 802.11 a/b/g/n, n=1
2020-07-20 14:00:07,611 [WARN] DbBoardsPdsc:256 - Board STM32H7B3I-EVAL: unknown feature type=Motor, name=, username=Motor Control, n=1
2020-07-20 14:00:07,674 [INFO] DbBoardsJson:80 - JSON generation date=Thu Jul 02 19:05:57 IST 2020 (1593696957)
2020-07-20 14:00:07,709 [INFO] DbBoards:120 - Found 146 boards (142 are supported by CubeMX)
2020-07-20 14:00:07,727 [INFO] DbBoardsDocs:131 - JSON generation date=Thu Jul 02 21:17:47 IST 2020 (1593704867)
2020-07-20 14:00:07,777 [INFO] DbBoardsDocs:70 - Found 185 boards documents
2020-07-20 14:00:07,783 [WARN] DbBoards:130 - board NUCLEO-H743ZI2 has no document id list !
2020-07-20 14:00:07,787 [WARN] DbBoards:130 - board P-NUCLEO-WB55-Nucleo has no document id list !
2020-07-20 14:00:07,788 [WARN] DbBoards:130 - board P-NUCLEO-WB55-USBDongle has no document id list !
2020-07-20 14:00:07,791 [WARN] DbBoards:130 - board NUCLEO-WB35CE has no document id list !
2020-07-20 14:00:07,794 [WARN] DbBoards:130 - board STM32F401C-DISCO has no document id list !
2020-07-20 14:00:07,795 [WARN] DbBoards:130 - board STM32F769I-DISC1 has no document id list !
2020-07-20 14:00:07,796 [WARN] DbBoards:152 - board B-G474E-DPOW1 / document id not found: 4624
2020-07-20 14:00:07,796 [WARN] DbBoards:152 - board B-G474E-DPOW1 / document id not found: 4625
2020-07-20 14:00:07,796 [WARN] DbBoards:130 - board STM32L-DISCOVERY has no document id list !
2020-07-20 14:00:07,798 [WARN] DbBoards:130 - board STM32H747I-DISC1 has no document id list !
2020-07-20 14:00:07,798 [WARN] DbBoards:130 - board STM32MP157A-DK1 has no document id list !
2020-07-20 14:00:07,838 [WARN] DbBoards:130 - board STM32H743I-EVAL2 has no document id list !
2020-07-20 14:00:07,838 [WARN] DbBoards:130 - board STM32H753I-EVAL2 has no document id list !
2020-07-20 14:00:07,839 [WARN] DbBoards:130 - board STM32G474E-EVAL1 has no document id list !
2020-07-20 14:00:07,839 [WARN] DbBoards:130 - board STEVAL-BFA001V1B has no document id list !
2020-07-20 14:00:07,840 [WARN] DbBoards:130 - board STEVAL-BFA001V2B has no document id list !
2020-07-20 14:00:07,841 [WARN] DbBoards:130 - board STEVAL-MKSBOX1V1 has no document id list !
2020-07-20 14:00:07,841 [WARN] DbBoards:130 - board STEVAL-STWINKT1 has no document id list !
2020-07-20 14:00:07,841 [WARN] DbBoards:130 - board STEVAL-IDP005V1 has no document id list !
2020-07-20 14:00:07,841 [WARN] DbBoards:130 - board STEVAL-IDP005V2 has no document id list !
2020-07-20 14:00:14,870 [ERROR] DbBoards:192 - Image file not found for board B-L4S5I-IOT01A: C:\ST\STM32CubeIDE_1.3.0\STM32CubeIDE\plugins\com.st.stm32cube.common.mx_5.6.1.202004052303\\db\/plugins/mcufinder/images/boards/B-L4S5I-IOT01A_small.jpg
2020-07-20 14:00:14,871 [INFO] ApiDb:158 - Load user favorites file C:\Users\mglocadmin/.stm32cubeide/favorites.boards.txt: 0 item(s)
2020-07-20 14:00:14,871 [INFO] ApiDb:163 - User favorites Boards=[]
2020-07-20 14:00:14,871 [INFO] DbBoards:209 - Set 0 / 0 favorites Boards
2020-07-20 14:00:14,882 [INFO] DbBoardsDocs:70 - Found 370 boards documents
2020-07-20 14:00:14,883 [INFO] ApiDb:186 - Save user favorites file C:\Users\mglocadmin/.stm32cubeide/favorites.boards.txt: 0 item(s)
2020-07-20 14:00:14,884 [INFO] ApiDb:191 - User favorites Boards=[]
2020-07-20 14:00:14,887 [INFO] DbBoardsPdsc:92 - Found 22 items
2020-07-20 14:00:14,889 [INFO] DbBoardsPdsc:92 - Found 9 items
2020-07-20 14:00:14,893 [INFO] DbBoardsPdsc:92 - Found 28 items
2020-07-20 14:00:14,896 [INFO] DbBoardsPdsc:92 - Found 1 items
2020-07-20 14:00:14,904 [INFO] DbBoardsPdsc:92 - Found 40 items
2020-07-20 14:00:14,913 [INFO] DbBoardsPdsc:92 - Found 39 items
2020-07-20 14:00:14,916 [INFO] DbBoardsPdsc:92 - Found 2 items
2020-07-20 14:00:14,918 [INFO] DbBoardsPdsc:92 - Found 4 items
2020-07-20 14:00:14,921 [WARN] DbBoardsPdsc:256 - Board STM32H7B3I-DK: unknown feature type=Audio, name=, username=Audio stereo codec with Headphone Amp (CS42L51-CNZ), n=1
2020-07-20 14:00:14,921 [WARN] DbBoardsPdsc:256 - Board STM32H7B3I-DK: unknown feature type=WIFI, name=, username=WIFI 802.11 b/g/n, n=1
2020-07-20 14:00:14,923 [WARN] DbBoardsPdsc:256 - Board STM32H7B3I-EVAL: unknown feature type=Audio, name=, username=Multi-Channel Audio Codec (CS42L51-CNZ), n=1
2020-07-20 14:00:14,924 [WARN] DbBoardsPdsc:256 - Board STM32H7B3I-EVAL: unknown feature type=Meter, name=, username=Power-metering and Temperature-monitoring with sigma-delta modulators, n=1
2020-07-20 14:00:14,924 [WARN] DbBoardsPdsc:256 - Board STM32H7B3I-EVAL: unknown feature type=WIFI, name=, username=WIFI 802.11 a/b/g/n, n=1
2020-07-20 14:00:14,924 [WARN] DbBoardsPdsc:256 - Board STM32H7B3I-EVAL: unknown feature type=Motor, name=, username=Motor Control, n=1
2020-07-20 14:00:14,938 [INFO] DbBoardsJson:80 - JSON generation date=Thu Jul 02 19:05:57 IST 2020 (1593696957)
2020-07-20 14:00:14,945 [INFO] DbBoards:120 - Found 146 boards (142 are supported by CubeMX)
2020-07-20 14:00:14,947 [WARN] DbBoards:130 - board NUCLEO-H743ZI2 has no document id list !
2020-07-20 14:00:14,949 [WARN] DbBoards:130 - board P-NUCLEO-WB55-Nucleo has no document id list !
2020-07-20 14:00:14,950 [WARN] DbBoards:130 - board P-NUCLEO-WB55-USBDongle has no document id list !
2020-07-20 14:00:14,950 [WARN] DbBoards:130 - board NUCLEO-WB35CE has no document id list !
2020-07-20 14:00:14,951 [WARN] DbBoards:130 - board STM32F401C-DISCO has no document id list !
2020-07-20 14:00:14,952 [WARN] DbBoards:130 - board STM32F769I-DISC1 has no document id list !
2020-07-20 14:00:14,953 [WARN] DbBoards:152 - board B-G474E-DPOW1 / document id not found: 4624
2020-07-20 14:00:14,953 [WARN] DbBoards:152 - board B-G474E-DPOW1 / document id not found: 4625
2020-07-20 14:00:14,954 [WARN] DbBoards:130 - board STM32L-DISCOVERY has no document id list !
2020-07-20 14:00:14,955 [WARN] DbBoards:130 - board STM32H747I-DISC1 has no document id list !
2020-07-20 14:00:14,956 [WARN] DbBoards:130 - board STM32MP157A-DK1 has no document id list !
2020-07-20 14:00:14,958 [WARN] DbBoards:130 - board STM32H743I-EVAL2 has no document id list !
2020-07-20 14:00:14,958 [WARN] DbBoards:130 - board STM32H753I-EVAL2 has no document id list !
2020-07-20 14:00:14,959 [WARN] DbBoards:130 - board STM32G474E-EVAL1 has no document id list !
2020-07-20 14:00:14,959 [WARN] DbBoards:130 - board STEVAL-BFA001V1B has no document id list !
2020-07-20 14:00:14,959 [WARN] DbBoards:130 - board STEVAL-BFA001V2B has no document id list !
2020-07-20 14:00:14,959 [WARN] DbBoards:130 - board STEVAL-MKSBOX1V1 has no document id list !
2020-07-20 14:00:14,959 [WARN] DbBoards:130 - board STEVAL-STWINKT1 has no document id list !
2020-07-20 14:00:14,960 [WARN] DbBoards:130 - board STEVAL-IDP005V1 has no document id list !
2020-07-20 14:00:14,960 [WARN] DbBoards:130 - board STEVAL-IDP005V2 has no document id list !
2020-07-20 14:00:15,880 [ERROR] DbBoards:192 - Image file not found for board B-L4S5I-IOT01A: C:\ST\STM32CubeIDE_1.3.0\STM32CubeIDE\plugins\com.st.stm32cube.common.mx_5.6.1.202004052303\\db\/plugins/mcufinder/images/boards/B-L4S5I-IOT01A_small.jpg
2020-07-20 14:00:15,881 [INFO] ApiDb:158 - Load user favorites file C:\Users\mglocadmin/.stm32cubeide/favorites.boards.txt: 0 item(s)
2020-07-20 14:00:15,881 [INFO] ApiDb:163 - User favorites Boards=[]
2020-07-20 14:00:15,881 [INFO] DbBoards:209 - Set 0 / 0 favorites Boards
2020-07-20 14:00:16,106 [INFO] LoadUrlFilesThread:161 - End of LoadServerUrlFiles without Thread
2020-07-20 14:00:16,106 [INFO] MultiScanPanel:739 - Refresh data is succesful
2020-07-20 14:00:16,116 [INFO] McuFilterPanel:249 - Update 0 favorites MCUs
2020-07-20 14:00:16,548 [INFO] ServerAccessManage:348 - Download File 
2020-07-20 14:00:16,804 [INFO] LoadUrlFilesThread:161 - End of LoadServerUrlFiles without Thread
2020-07-20 14:00:16,835 [INFO] BoardDetailPanel:180 - Set advertising image to C:/Users/mglocadmin/STM32Cube/Repository/\PR_B-L4S5-IOT01A_X-Cube_web.jpg
2020-07-20 14:00:16,870 [INFO] BoardFilterPanel:211 - Update 0 favorites Boards
2020-07-20 14:00:17,958 [INFO] CrossSelectorPresenter:1319 - Cross Selector saved comparison directory: C:\Users\mglocadmin\.stmcufinder\plugins\mcufinder\mcu\cs_comparisons_mx
2020-07-20 14:01:10,387 [INFO] MainUpdater:2230 - connection check result : 10
2020-07-20 14:01:10,388 [INFO] LogOutputStream:76 - [STDOUT_REDIRECT] Successfull proxy connection.
2020-07-20 14:01:10,442 [INFO] McuFinderGlobals:40 - Set McuFinder mode to 2 (CubeIDE integrated)
2020-07-20 14:01:10,443 [INFO] FinderPluginLoader:86 - Searching for filters in installed packs
2020-07-20 14:01:11,615 [INFO] LoadUrlFilesThread:161 - End of LoadServerUrlFiles without Thread
2020-07-20 14:01:11,615 [INFO] McuDetailPanel:181 - Set advertising image to C:/Users/mglocadmin/STM32Cube/Repository/\PR_B-L4S5-IOT01A_X-Cube_web.jpg
2020-07-20 14:01:11,994 [INFO] McuFilterPanel:249 - Update 0 favorites MCUs
2020-07-20 14:01:12,405 [INFO] LoadUrlFilesThread:161 - End of LoadServerUrlFiles without Thread
2020-07-20 14:01:12,405 [INFO] BoardDetailPanel:180 - Set advertising image to C:/Users/mglocadmin/STM32Cube/Repository/\PR_B-L4S5-IOT01A_X-Cube_web.jpg
2020-07-20 14:01:12,423 [INFO] BoardFilterPanel:211 - Update 0 favorites Boards
2020-07-20 14:01:12,449 [INFO] CrossSelectorPresenter:1319 - Cross Selector saved comparison directory: C:\Users\mglocadmin\.stmcufinder\plugins\mcufinder\mcu\cs_comparisons_mx
2020-07-20 14:03:26,689 [INFO] LogOutputStream:76 - [STDOUT_REDIRECT] withoutVersionV1.25.0
2020-07-20 14:03:36,336 [INFO] LogOutputStream:76 - [STDOUT_REDIRECT] File copied successfully!!
2020-07-20 14:03:41,076 [INFO] MainUpdater:2230 - connection check result : 10
2020-07-20 14:03:41,208 [INFO] MicroXplorer:390 - Change Database Path : 
2020-07-20 14:03:41,208 [INFO] MicroXplorer:420 - Change Database Version : DB.5.0.60
2020-07-20 14:03:41,214 [INFO] PinOutPanel:1420 - setPackage(No Configuration,No Configuration)
2020-07-20 14:03:41,217 [INFO] UtilMem:74 - Begin LoadConfig() Used Memory: 578178664 Bytes (862978048)
2020-07-20 14:03:41,218 [INFO] OpenFileManager:274 - Change cursor
2020-07-20 14:03:47,068 [INFO] Rule:211 - rule SPDIFRX instance for mcu is applicable
2020-07-20 14:03:47,068 [INFO] Rule:211 - rule Rename Tracer Mode is applicable
2020-07-20 14:03:47,069 [INFO] Rule:211 - rule SPDIFRX instance value for IP SPDIFRX is applicable
2020-07-20 14:03:47,069 [INFO] Rule:211 - rule SPDIFRX instance for signal is applicable
2020-07-20 14:03:47,069 [INFO] Rule:211 - rule SPDIFRX instance for project manager is applicable
2020-07-20 14:03:47,069 [INFO] Rule:211 - rule SPDIFRX instance for project manager is applicable
2020-07-20 14:03:47,070 [INFO] Rule:211 - rule ADC Scan  fix with FW F7 is applicable
2020-07-20 14:03:47,070 [INFO] Rule:211 - rule ADC Scan  fix with FW F7 is applicable
2020-07-20 14:03:47,070 [INFO] Rule:211 - rule Add RTC Activate Clock Source is applicable
2020-07-20 14:03:47,070 [INFO] Rule:211 - rule Add RTC Activate Calendar 1 is applicable
2020-07-20 14:03:47,071 [INFO] Rule:211 - rule Add RTC Activate Calendar 2 is applicable
2020-07-20 14:03:47,071 [INFO] Rule:211 - rule Add RTC Activate Calendar 3 is applicable
2020-07-20 14:03:47,071 [INFO] Rule:211 - rule UART/USART TX Mode is applicable
2020-07-20 14:03:47,071 [INFO] Rule:211 - rule UART/USART RX Mode is applicable
2020-07-20 14:03:47,071 [INFO] Rule:211 - rule UART/USART RX TX Mode is applicable
2020-07-20 14:03:47,071 [INFO] Rule:211 - rule UART/USART PARITY NONE is applicable
2020-07-20 14:03:47,092 [INFO] Rule:211 - rule UART/USART PARITY EVEN is applicable
2020-07-20 14:03:47,094 [INFO] Rule:211 - rule UART/USART PARITY ODD is applicable
2020-07-20 14:03:47,094 [INFO] Rule:211 - rule USART StopBits 1 is applicable
2020-07-20 14:03:47,095 [INFO] Rule:211 - rule USART StopBits 2 is applicable
2020-07-20 14:03:47,095 [INFO] Rule:211 - rule USART StopBits 1.5 is applicable
2020-07-20 14:03:47,095 [INFO] Rule:211 - rule USART StopBits 0.5 is applicable
2020-07-20 14:03:47,096 [INFO] Rule:211 - rule UART/USART WORD LENGTH 7 is applicable
2020-07-20 14:03:47,096 [INFO] Rule:211 - rule UART/USART WORD LENGTH 8 is applicable
2020-07-20 14:03:47,096 [INFO] Rule:211 - rule UART/USART WORD LENGTH 9 is applicable
2020-07-20 14:03:47,097 [INFO] Rule:211 - rule Rename FMC NAND NCE signal is applicable
2020-07-20 14:03:47,097 [INFO] Rule:211 - rule Rename FMC NAND INT signal is applicable
2020-07-20 14:03:47,097 [INFO] Rule:211 - rule Change Default Value for ADC ExternalTrigConv L4 family is applicable
2020-07-20 14:03:47,097 [INFO] Rule:211 - rule Change Default Value for ADC ExternalTrigInjecConv L4 family is applicable
2020-07-20 14:03:47,098 [INFO] Rule:211 - rule Change Default Value for ADC ExternalTrigConv F3 family is applicable
2020-07-20 14:03:47,098 [INFO] Rule:211 - rule Change Default Value for ADC ExternalTrigInjecConv F3 family is applicable
2020-07-20 14:03:47,098 [INFO] Rule:211 - rule Change Default Value for ADC ExternalTrigConv Goldfish serie is applicable
2020-07-20 14:03:47,106 [INFO] Rule:211 - rule Change Default Value for ADC ExternalTrigInjecConv Goldfish serie is applicable
2020-07-20 14:03:47,106 [INFO] Rule:211 - rule Change Default Value for ADC ExternalTrigConv L0 family is applicable
2020-07-20 14:03:47,107 [INFO] Rule:211 - rule Change Default Value for ADC ExternalTrigConv F0 family is applicable
2020-07-20 14:03:47,107 [INFO] Rule:211 - rule Change Default Value for ADC ExternalTrigConvn L1 family is applicable
2020-07-20 14:03:47,108 [INFO] Rule:211 - rule Change Default Value for ADC ExternalTrigInjecConv L1 family is applicable
2020-07-20 14:03:47,122 [INFO] Rule:211 - rule Change Default Value for ADC ExternalTrigConv F1 family is applicable
2020-07-20 14:03:47,123 [INFO] Rule:211 - rule Change Default Value for ADC ExternalTrigInjecConv F1 family is applicable
2020-07-20 14:03:47,123 [INFO] Rule:211 - rule Change Default Value for ADC ExternalTrigConv F7 family is applicable
2020-07-20 14:03:47,123 [INFO] Rule:211 - rule Change Default Value for ADC ExternalTrigInjecConv F7 family is applicable
2020-07-20 14:03:47,123 [INFO] Rule:211 - rule Change Default Value for ADC ExternalTrigConv F4 and F2 family is applicable
2020-07-20 14:03:47,123 [INFO] Rule:211 - rule Change Default Value for ADC ExternalTrigInjecConv F4 and F2 family is applicable
2020-07-20 14:03:47,123 [INFO] Rule:211 - rule ADC SamplingTime fix with FW L0  is applicable
2020-07-20 14:03:47,124 [INFO] Rule:211 - rule ADC SamplingTime fix with FW L0  is applicable
2020-07-20 14:03:47,124 [INFO] Rule:211 - rule ADC SamplingTime fix with FW L0 is applicable
2020-07-20 14:03:47,125 [INFO] Rule:211 - rule ADC SamplingTime fix with FW L0 is applicable
2020-07-20 14:03:47,125 [INFO] Rule:211 - rule ADC SamplingTime fix with FW L0  is applicable
2020-07-20 14:03:47,125 [INFO] Rule:211 - rule ADC SamplingTime fix with FW L0 is applicable
2020-07-20 14:03:47,126 [INFO] Rule:211 - rule Rename USB_OE Signal is applicable
2020-07-20 14:03:47,126 [INFO] Rule:211 - rule Rename Activate_OE Mode is applicable
2020-07-20 14:03:47,126 [INFO] Rule:211 - rule Rename DIE462/DIE415 pin PC14/OSC32_IN -> PC14-OSC32_IN (PC14) is applicable
2020-07-20 14:03:47,127 [INFO] Rule:211 - rule Rename DIE462/DIE415 pin PC15/OSC32_OUT -> PC15-OSC32_OUT (PC15) is applicable
2020-07-20 14:03:47,128 [INFO] Rule:211 - rule Rename DIE462/DIE415 pin PH0/OSC_IN -> PH0-OSC_IN (PH0) is applicable
2020-07-20 14:03:47,129 [INFO] Rule:211 - rule Rename DIE462/DIE415 pin PH1/OSC_OUT -> PH1-OSC_OUT (PH1) is applicable
2020-07-20 14:03:47,129 [INFO] Rule:211 - rule Rename DIE462 pin PA13 -> PA13 (JTMS/SWDIO) is applicable
2020-07-20 14:03:47,130 [INFO] Rule:211 - rule Rename DIE415 pin PA13 -> PA13 (JTMS/SWDIO) is applicable
2020-07-20 14:03:47,130 [INFO] Rule:211 - rule Rename DIE462 pin PA14 -> PA14 (JTCK/SWCLK) is applicable
2020-07-20 14:03:47,130 [INFO] Rule:211 - rule Rename DIE415 pin PA14 -> PA14 (JTCK/SWCLK) is applicable
2020-07-20 14:03:47,131 [INFO] Rule:211 - rule Rename DIE462/DIE415 pin PA15 -> PA15 (JTDI) is applicable
2020-07-20 14:03:47,131 [INFO] Rule:211 - rule Rename DIE462 pin PB3 -> PB3 (JTD0/TRACESWO) is applicable
2020-07-20 14:03:47,131 [INFO] Rule:211 - rule Rename DIE415 pin PB3 -> PB3 (JTD0-TRACESWO) is applicable
2020-07-20 14:03:47,131 [INFO] Rule:211 - rule Rename DIE462/DIE415 pin PB4 -> PB4 (NJTRST) is applicable
2020-07-20 14:03:47,131 [INFO] Rule:211 - rule Rename DIE462 pin PH3/BOOT0 -> PH3-BOOT0 (BOOT0) is applicable
2020-07-20 14:03:47,132 [INFO] Rule:211 - rule Rename CRYP DataEncryptionTypesList to Algorithm is applicable
2020-07-20 14:03:47,132 [INFO] Rule:211 - rule Rename AES DataEncryptionTypesList to Algorithm is applicable
2020-07-20 14:03:47,132 [INFO] Rule:211 - rule Rename TDESECB to CRYP_TDES_ECB is applicable
2020-07-20 14:03:47,132 [INFO] Rule:211 - rule Rename TDESCBC to CRYP_TDES_CBC is applicable
2020-07-20 14:03:47,132 [INFO] Rule:211 - rule Rename DESECB to CRYP_DES_ECB is applicable
2020-07-20 14:03:47,132 [INFO] Rule:211 - rule Rename DESCBC to CRYP_DES_CBC is applicable
2020-07-20 14:03:47,133 [INFO] Rule:211 - rule Rename AESECB to CRYP_AES_ECB is applicable
2020-07-20 14:03:47,133 [INFO] Rule:211 - rule Rename AESCBC to CRYP_AES_CBC is applicable
2020-07-20 14:03:47,133 [INFO] Rule:211 - rule Rename AESCTR to CRYP_AES_CTR is applicable
2020-07-20 14:03:47,133 [INFO] Rule:211 - rule Rename AESGCM to CRYP_AES_GCM is applicable
2020-07-20 14:03:47,133 [INFO] Rule:211 - rule Rename AESCCM to CRYP_AES_CCM is applicable
2020-07-20 14:03:47,133 [INFO] Rule:211 - rule Rename CAN TimeSeg1 to BS1 is applicable
2020-07-20 14:03:47,134 [INFO] Rule:211 - rule Rename CAN TimeSeg2 to BS2 is applicable
2020-07-20 14:03:47,134 [INFO] Rule:211 - rule Rename CAN SyncJumpWidth to SJW is applicable
2020-07-20 14:03:47,134 [INFO] Rule:211 - rule TimeTriggeredMode to TTCM is applicable
2020-07-20 14:03:47,134 [INFO] Rule:211 - rule Rename CAN AutoBusOff to ABOM is applicable
2020-07-20 14:03:47,134 [INFO] Rule:211 - rule Rename CAN AutoWakeUp to AWUM is applicable
2020-07-20 14:03:47,134 [INFO] Rule:211 - rule Rename CAN AutoRetransmission to NART is applicable
2020-07-20 14:03:47,135 [INFO] Rule:211 - rule Rename CAN ReceiveFifoLocked to RFLM is applicable
2020-07-20 14:03:47,135 [INFO] Rule:211 - rule Rename CAN TransmitFifoPriority to TXFP is applicable
2020-07-20 14:03:47,135 [INFO] Rule:211 - rule Rename HRTIMER HRTIM_OUTPUTFAULTLEVEL_HIGH in HRTIMER HRTIM_OUTPUTFAULTLEVEL_HIGHZ is applicable
2020-07-20 14:03:47,135 [INFO] Rule:211 - rule Rename TIMER TIM_CLEARINPUTSOURCE_OCREFCLR in  TIMER TIM_CLEARINPUTSOURCE_NONE for F7 family is applicable
2020-07-20 14:03:47,135 [INFO] Rule:211 - rule FDCAN_R1 - Rename FDCAN mode Master into Classic is applicable
2020-07-20 14:03:47,135 [INFO] Rule:211 - rule FDCAN_R2 - Rename FDCAN mode Slave into Classic is applicable
2020-07-20 14:03:47,136 [INFO] Rule:211 - rule FDCAN1_R3 - if PA10.Mode=FullDuplex, add Pin PA12 is applicable
2020-07-20 14:03:47,136 [INFO] Rule:211 - rule FDCAN1_R3 - if PA9.Mode=FullDuplex, add Pin PA11 is applicable
2020-07-20 14:03:47,136 [INFO] Rule:211 - rule FDCAN1_R3 - Alternatepin_1 - if PE1.Mode=FullDuplex, add Pin PB9 is applicable
2020-07-20 14:03:47,136 [INFO] Rule:211 - rule FDCAN1_R3 - Alternatepin_1 - if PE0.Mode=FullDuplex, add Pin PB8 is applicable
2020-07-20 14:03:47,136 [INFO] Rule:211 - rule FDCAN1_R3 - Alternatepin_2 - if PD5.Mode=FullDuplex, add Pin PD1 is applicable
2020-07-20 14:03:47,136 [INFO] Rule:211 - rule FDCAN1_R3 - Alternatepin_2 - if PD4.Mode=FullDuplex, add Pin PD0 is applicable
2020-07-20 14:03:47,137 [INFO] Rule:211 - rule FDCAN1_R4 - Rename Mode FullDuplex into Enable FDCAN_TXFD for pin PA10 is applicable
2020-07-20 14:03:47,137 [INFO] Rule:211 - rule FDCAN1_R4 - Rename Mode FullDuplex into Enable FDCAN_TXFD for pin PA9 is applicable
2020-07-20 14:03:47,137 [INFO] Rule:211 - rule FDCAN1_R4 - Alternatepin_1 - Rename Mode FullDuplex into Enable FDCAN_TXFD for pin PE1 is applicable
2020-07-20 14:03:47,137 [INFO] Rule:211 - rule FDCAN1_R4 - Alternatepin_1 - Rename Mode FullDuplex into Enable FDCAN_TXFD for pin PE0 is applicable
2020-07-20 14:03:47,137 [INFO] Rule:211 - rule FDCAN1_R4 - Alternatepin_2 - Rename Mode FullDuplex into Enable FDCAN_TXFD for pin PD5 is applicable
2020-07-20 14:03:47,137 [INFO] Rule:211 - rule FDCAN1_R4 - Alternatepin_2 - Rename Mode FullDuplex into Enable FDCAN_TXFD for pin PD4 is applicable
2020-07-20 14:03:47,138 [INFO] Rule:211 - rule FDCAN2_R3 - if PD10.Mode=FullDuplex, add Pin PB13 is applicable
2020-07-20 14:03:47,138 [INFO] Rule:211 - rule FDCAN2_R3 - if PD9.Mode=FullDuplex, add Pin PB12 is applicable
2020-07-20 14:03:47,138 [INFO] Rule:211 - rule FDCAN2_R3 - Alternatepin_1 - if PB7.Mode=FullDuplex, add Pin PB6 is applicable
2020-07-20 14:03:47,138 [INFO] Rule:211 - rule FDCAN2_R3 - Alternatepin_1 - if PD9.Mode=FullDuplex, add Pin PB12 is applicable
2020-07-20 14:03:47,138 [INFO] Rule:211 - rule FDCAN2_R4 - Rename Mode FullDuplex into Enable FDCAN_TXFD for pin PD10 is applicable
2020-07-20 14:03:47,140 [INFO] Rule:211 - rule FDCAN2_R4 - Rename Mode FullDuplex into Enable FDCAN_TXFD for pin PD9 is applicable
2020-07-20 14:03:47,140 [INFO] Rule:211 - rule FDCAN2_R4 - Alternatepin_1 - Rename Mode FullDuplex into Enable FDCAN_TXFD for pin PB7 is applicable
2020-07-20 14:03:47,141 [INFO] Rule:211 - rule FDCAN2_R4 - Alternatepin_1 - Rename Mode FullDuplex into Enable FDCAN_TXFD for pin PD6 is applicable
2020-07-20 14:03:47,141 [INFO] Rule:211 - rule USART TxPinLevelInvertParam Mode is applicable
2020-07-20 14:03:47,142 [INFO] Rule:211 - rule USART RxPinLevelInvertParam Mode is applicable
2020-07-20 14:03:47,142 [INFO] Rule:211 - rule USART DataInvertParam Mode is applicable
2020-07-20 14:03:47,142 [INFO] Rule:211 - rule USART SwapParam Mode is applicable
2020-07-20 14:03:47,142 [INFO] Rule:211 - rule USART OverrunDisableParam Mode is applicable
2020-07-20 14:03:47,142 [INFO] Rule:211 - rule USART DMADisableonRxErrorParam Mode is applicable
2020-07-20 14:03:47,142 [INFO] Rule:211 - rule USART MSBFirstParam Mode is applicable
2020-07-20 14:03:47,144 [INFO] Rule:211 - rule Update MwName for USB_DEVICE is applicable
2020-07-20 14:03:47,145 [INFO] Rule:211 - rule Change PWR_Regulator_Voltage_Scale Default Value for RCC  H7 family is applicable
2020-07-20 14:03:47,146 [INFO] Rule:211 - rule UART/USART IPParameter rename Prescaler parameter to ClockPrescaler is applicable
2020-07-20 14:03:47,146 [INFO] Rule:211 - rule UART/USART Prescaler rename Prescaler parameter to ClockPrescaler is applicable
2020-07-20 14:03:47,146 [INFO] Rule:211 - rule TIM1CLockSelection is applicable
2020-07-20 14:03:47,147 [INFO] Rule:211 - rule TIM15CLockSelection is applicable
2020-07-20 14:03:47,147 [INFO] Rule:211 - rule align RCC SDMMC3CLockSelection default value on MP1 is applicable
2020-07-20 14:03:47,147 [INFO] Rule:211 - rule align RCC SDMMC12CLockSelection default value on MP1 is applicable
2020-07-20 14:03:47,147 [INFO] Rule:211 - rule align RCC QSPICLockSelection default value on MP1 is applicable
2020-07-20 14:03:47,147 [INFO] Rule:211 - rule align RCC QSPICLockSelection default value on MP1 is applicable
2020-07-20 14:03:47,147 [INFO] Rule:211 - rule align RCC SPI6CLockSelection default value on MP1 is applicable
2020-07-20 14:03:47,148 [INFO] Rule:211 - rule align RCC LPTIM23CLockSelection default value on MP1 is applicable
2020-07-20 14:03:47,148 [INFO] Rule:211 - rule align RCC LPTIM1CLockSelection default value on MP1 is applicable
2020-07-20 14:03:47,148 [INFO] Rule:211 - rule align RCC USART1CLockSelection default value on MP1 is applicable
2020-07-20 14:03:47,148 [INFO] Rule:211 - rule align RCC USART24CLockSelection default value on MP1 is applicable
2020-07-20 14:03:47,148 [INFO] Rule:211 - rule align RCC USART6CLockSelection default value on MP1 is applicable
2020-07-20 14:03:47,148 [INFO] Rule:211 - rule align RCC UART78CLockSelection default value on MP1 is applicable
2020-07-20 14:03:47,149 [INFO] Rule:211 - rule align RCC USART35CLockSelection default value on MP1 is applicable
2020-07-20 14:03:47,149 [INFO] Rule:211 - rule align RCC SPI45CLockSelection default value on MP1 is applicable
2020-07-20 14:03:47,149 [INFO] Rule:211 - rule align RCC I2C46CLockSelection BCLK value on MP1 is applicable
2020-07-20 14:03:47,149 [INFO] Rule:211 - rule align RCC SPI45CLockSelection default value on MP1 is applicable
2020-07-20 14:03:47,149 [INFO] Rule:211 - rule align RCC I2C12CLockSelection default value on MP1 is applicable
2020-07-20 14:03:47,149 [INFO] Rule:211 - rule align RCC I2C35CLockSelection default value on MP1 is applicable
2020-07-20 14:03:47,150 [INFO] Rule:211 - rule align RCC LPTIM45CLockSelection default value on MP1 is applicable
2020-07-20 14:03:47,150 [INFO] Rule:211 - rule Rename DCMI PIXCK signal is applicable
2020-07-20 14:03:47,150 [INFO] Rule:211 - rule Change Default Value for I2C46CLockSelection MP1 family is applicable
2020-07-20 14:03:47,150 [INFO] Rule:211 - rule Change Default Value for UART for G4, G0 and WB families is applicable
2020-07-20 14:03:47,150 [INFO] Rule:211 - rule Change Default Value for USART for G4, G0 and WB families is applicable
2020-07-20 14:03:47,151 [INFO] Rule:211 - rule Change Default Value for USART for G4 family is applicable
2020-07-20 14:03:47,151 [INFO] Rule:211 - rule Change USART1CLockSelection refparam name for MP1 is applicable
2020-07-20 14:03:47,151 [INFO] Rule:211 - rule Change USART2CLockSelection refparam name for MP1 is applicable
2020-07-20 14:03:47,151 [INFO] Rule:211 - rule Change USART3CLockSelection refparam name for MP1 is applicable
2020-07-20 14:03:47,152 [INFO] Rule:211 - rule Change UART4CLockSelection refparam name for MP1 is applicable
2020-07-20 14:03:47,152 [INFO] Rule:211 - rule Change UART5CLockSelection refparam name for MP1 is applicable
2020-07-20 14:03:47,152 [INFO] Rule:211 - rule Change LPUART1CLockSelection refparam name for MP1 is applicable
2020-07-20 14:03:47,152 [INFO] Rule:211 - rule Change LPTIM1CLockSelection refparam name for MP1 is applicable
2020-07-20 14:03:47,152 [INFO] Rule:211 - rule Change LPTIM2CLockSelection refparam name for MP1 is applicable
2020-07-20 14:03:47,152 [INFO] Rule:211 - rule Change RCC_MCO1Source refparam name for MP1 is applicable
2020-07-20 14:03:47,153 [INFO] Rule:211 - rule Change LSCOSource1 refparam name for MP1 is applicable
2020-07-20 14:03:47,153 [INFO] Rule:211 - rule Change SMPSCLockSelection refparam name for MP1 is applicable
2020-07-20 14:03:47,153 [INFO] Rule:211 - rule Change LPTIM3CLockSelection refparam name for MP1 is applicable
2020-07-20 14:03:47,153 [INFO] Rule:211 - rule Change MPCBB* Default Template Mode to Parameters is applicable
2020-07-20 14:03:47,153 [INFO] Rule:211 - rule Change MPCWM* or MPCBB* Secure Mode to Parameters is applicable
2020-07-20 14:03:47,153 [INFO] Rule:211 - rule Change MPCWM* or MPCBB* No Secure Mode to Parameters is applicable
2020-07-20 14:03:47,153 [INFO] Rule:211 - rule Change TZSC IP Secure Mode to Parameters is applicable
2020-07-20 14:03:47,179 [INFO] Rule:211 - rule Change TZSC IP No Secure Mode to Parameters is applicable
2020-07-20 14:03:47,179 [INFO] Rule:211 - rule Change TZSC IP Privilege Mode to Parameters is applicable
2020-07-20 14:03:47,180 [INFO] Rule:211 - rule Change TZSC IP No Privilege Mode to Parameters is applicable
2020-07-20 14:03:47,180 [INFO] Rule:211 - rule Change TZIC IT Secure Mode to Parameters is applicable
2020-07-20 14:03:47,181 [INFO] Rule:211 - rule Change TZIC IT No Secure Mode to Parameters is applicable
2020-07-20 14:03:47,181 [INFO] Rule:211 - rule Add MPCBB1_NonSecureArea_Start_Address value with referenced to MPCBB1_NonSecureArea_Start value is applicable
2020-07-20 14:03:47,182 [INFO] Rule:211 - rule Add MPCBB2_NonSecureArea_Start_Address value with referenced to MPCBB2_NonSecureArea_Start value is applicable
2020-07-20 14:03:47,182 [INFO] Rule:211 - rule Add MPCWM1_NonSecureArea*_Start_Address value with referenced to MPCWM1_NonSecureArea*_Start value is applicable
2020-07-20 14:03:47,182 [INFO] Rule:211 - rule Add MPCWM2_NonSecureArea*_Start_Address value with referenced to MPCWM2_NonSecureArea*_Start value is applicable
2020-07-20 14:03:47,182 [INFO] Rule:211 - rule Add MPCWM3_NonSecureArea_Start_Address value with referenced to MPCWM3_NonSecureArea_Start value is applicable
2020-07-20 14:03:47,182 [INFO] Rule:211 - rule Change Default Value for PLL1UserDefinedConfig is applicable
2020-07-20 14:03:47,182 [INFO] Rule:211 - rule Change GPIO_PuPd Default Value for USART in async mode is applicable
2020-07-20 14:03:47,183 [INFO] Rule:211 - rule Change SMPSDivider Default Value is applicable
2020-07-20 14:03:47,264 [INFO] DbConfProperties:294 - Apply Compatibility (47/173 Rules)
2020-07-20 14:03:47,548 [INFO] ImportTextPane:162 - (OptionalMessage_ERROR) Unable to find key (Mcu.ThirdPartyNb) in loaded IOC file
2020-07-20 14:03:47,718 [INFO] ImportTextPane:162 - (OptionalMessage_ERROR) IP (RCC) : Parameter (RTCHSEDivFreq_Value) has invalid value (4000000)
2020-07-20 14:03:48,420 [INFO] UtilMem:74 - End LoadConfig() Used Memory: 500897760 Bytes (862978048)
2020-07-20 14:03:48,641 [INFO] ThirdParty:899 - CMSIS Pack Vendor :STMicroelectronics X-CUBE-BLE1 5.0.0
2020-07-20 14:03:48,641 [INFO] ThirdParty:899 - CMSIS Pack Vendor :STMicroelectronics X-CUBE-SUBG2 1.1.0
2020-07-20 14:03:48,641 [INFO] ThirdParty:899 - CMSIS Pack Vendor :STMicroelectronics X-CUBE-GNSS1 4.1.0
2020-07-20 14:03:48,641 [INFO] ThirdParty:899 - CMSIS Pack Vendor :STMicroelectronics X-CUBE-TOUCHGFX 4.13.0
2020-07-20 14:03:48,642 [INFO] ThirdParty:899 - CMSIS Pack Vendor :STMicroelectronics X-CUBE-NFC4 1.5.2
2020-07-20 14:03:48,642 [INFO] ThirdParty:899 - CMSIS Pack Vendor :STMicroelectronics X-CUBE-AI 5.1.1
2020-07-20 14:03:48,642 [INFO] ThirdParty:899 - CMSIS Pack Vendor :STMicroelectronics X-CUBE-MEMS1 7.2.0
2020-07-20 14:03:48,642 [INFO] ThirdParty:899 - CMSIS Pack Vendor :STMicroelectronics X-CUBE-ALGOBUILD 1.0.0
2020-07-20 14:03:48,644 [INFO] ThirdParty:899 - CMSIS Pack Vendor :STMicroelectronics X-CUBE-AI 5.1.2
2020-07-20 14:03:48,644 [INFO] ThirdParty:899 - CMSIS Pack Vendor :STMicroelectronics X-CUBE-BLE2 1.0.0
2020-07-20 14:03:49,806 [INFO] PinOutPanel:1420 - setPackage(No Configuration,No Configuration)
2020-07-20 14:03:49,808 [INFO] PinOutPanel:1420 - setPackage(STM32F407VGTx,LQFP100)
2020-07-20 14:03:50,962 [INFO] UtilMem:74 - Before build in PCC Used Memory: 670538568 Bytes (862978048)
2020-07-20 14:03:52,366 [INFO] SharedServices:71 - Folder for power plug-in: C:/Users/mglocadmin/.stm32cubemx/plugins/power
2020-07-20 14:03:52,583 [INFO] SharedServices:71 - Folder for power plug-in: C:/Users/mglocadmin/.stm32cubemx/plugins/power
2020-07-20 14:03:52,682 [INFO] SharedServices:71 - Folder for power plug-in: C:/Users/mglocadmin/.stm32cubemx/plugins/power
2020-07-20 14:03:52,702 [INFO] SharedServices:71 - Folder for power plug-in: C:/Users/mglocadmin/.stm32cubemx/plugins/power
2020-07-20 14:03:53,370 [INFO] UtilMem:74 - After build in PCC Used Memory: 729258824 Bytes (862978048)
2020-07-20 14:03:53,503 [INFO] IPUIPlugin:65 - create IPUIPlugin
2020-07-20 14:03:53,504 [INFO] IPUIPlugin:65 - create IPUIPlugin
2020-07-20 14:03:53,504 [INFO] IPUIPlugin:65 - create IPUIPlugin
2020-07-20 14:03:53,504 [INFO] IPUIPlugin:65 - create IPUIPlugin
2020-07-20 14:03:53,504 [INFO] IPUIPlugin:65 - create IPUIPlugin
2020-07-20 14:03:53,504 [INFO] IPUIPlugin:65 - create IPUIPlugin
2020-07-20 14:03:53,505 [INFO] IPUIPlugin:65 - create IPUIPlugin
2020-07-20 14:03:53,505 [INFO] IPUIPlugin:65 - create IPUIPlugin
2020-07-20 14:03:53,505 [INFO] IPUIPlugin:65 - create IPUIPlugin
2020-07-20 14:03:53,505 [INFO] IPUIPlugin:65 - create IPUIPlugin
2020-07-20 14:03:53,505 [INFO] IPUIPlugin:65 - create IPUIPlugin
2020-07-20 14:03:53,506 [INFO] IPUIPlugin:65 - create IPUIPlugin
2020-07-20 14:03:53,506 [INFO] IPUIPlugin:65 - create IPUIPlugin
2020-07-20 14:03:53,506 [INFO] IPUIPlugin:65 - create IPUIPlugin
2020-07-20 14:03:53,506 [INFO] IPUIPlugin:65 - create IPUIPlugin
2020-07-20 14:03:53,506 [INFO] IPUIPlugin:65 - create IPUIPlugin
2020-07-20 14:03:53,507 [INFO] IPUIPlugin:65 - create IPUIPlugin
2020-07-20 14:03:53,507 [INFO] IPUIPlugin:65 - create IPUIPlugin
2020-07-20 14:03:53,507 [INFO] IPUIPlugin:65 - create IPUIPlugin
2020-07-20 14:03:53,508 [INFO] IPUIPlugin:65 - create IPUIPlugin
2020-07-20 14:03:53,508 [INFO] IPUIPlugin:65 - create IPUIPlugin
2020-07-20 14:03:53,508 [INFO] IPUIPlugin:65 - create IPUIPlugin
2020-07-20 14:03:53,510 [INFO] IPUIPlugin:65 - create IPUIPlugin
2020-07-20 14:03:53,510 [INFO] IPUIPlugin:65 - create IPUIPlugin
2020-07-20 14:03:53,511 [INFO] IPUIPlugin:65 - create IPUIPlugin
2020-07-20 14:03:53,511 [INFO] IPUIPlugin:65 - create IPUIPlugin
2020-07-20 14:03:53,512 [INFO] IPUIPlugin:65 - create IPUIPlugin
2020-07-20 14:03:53,512 [INFO] IPUIPlugin:65 - create IPUIPlugin
2020-07-20 14:03:53,512 [INFO] IPUIPlugin:65 - create IPUIPlugin
2020-07-20 14:03:53,513 [INFO] IPUIPlugin:65 - create IPUIPlugin
2020-07-20 14:03:53,513 [INFO] IPUIPlugin:65 - create IPUIPlugin
2020-07-20 14:03:53,514 [INFO] IPUIPlugin:65 - create IPUIPlugin
2020-07-20 14:03:53,514 [INFO] IPUIPlugin:65 - create IPUIPlugin
2020-07-20 14:03:53,515 [INFO] IPUIPlugin:65 - create IPUIPlugin
2020-07-20 14:03:53,516 [INFO] IPUIPlugin:65 - create IPUIPlugin
2020-07-20 14:03:53,516 [INFO] IPUIPlugin:65 - create IPUIPlugin
2020-07-20 14:03:53,516 [INFO] IPUIPlugin:65 - create IPUIPlugin
2020-07-20 14:03:53,516 [INFO] IPUIPlugin:65 - create IPUIPlugin
2020-07-20 14:03:53,517 [INFO] IPUIPlugin:65 - create IPUIPlugin
2020-07-20 14:03:53,517 [INFO] IPUIPlugin:65 - create IPUIPlugin
2020-07-20 14:03:53,517 [INFO] IPUIPlugin:65 - create IPUIPlugin
2020-07-20 14:03:53,518 [INFO] IPUIPlugin:65 - create IPUIPlugin
2020-07-20 14:03:53,518 [INFO] IPUIPlugin:65 - create IPUIPlugin
2020-07-20 14:03:53,518 [INFO] IPUIPlugin:65 - create IPUIPlugin
2020-07-20 14:03:53,519 [INFO] IPUIPlugin:65 - create IPUIPlugin
2020-07-20 14:03:53,519 [INFO] IPUIPlugin:65 - create IPUIPlugin
2020-07-20 14:03:53,519 [INFO] IPUIPlugin:65 - create IPUIPlugin
2020-07-20 14:03:53,520 [INFO] IPUIPlugin:65 - create IPUIPlugin
2020-07-20 14:03:53,520 [INFO] IPUIPlugin:65 - create IPUIPlugin
2020-07-20 14:03:53,521 [INFO] IPUIPlugin:65 - create IPUIPlugin
2020-07-20 14:03:53,521 [INFO] IPUIPlugin:65 - create IPUIPlugin
2020-07-20 14:03:53,530 [INFO] IPUIPlugin:65 - create IPUIPlugin
2020-07-20 14:03:53,530 [INFO] IPUIPlugin:65 - create IPUIPlugin
2020-07-20 14:03:53,531 [INFO] IPUIPlugin:65 - create IPUIPlugin
2020-07-20 14:03:53,532 [INFO] IPUIPlugin:65 - create IPUIPlugin
2020-07-20 14:03:53,532 [INFO] IPUIPlugin:65 - create IPUIPlugin
2020-07-20 14:03:53,533 [INFO] IPUIPlugin:65 - create IPUIPlugin
2020-07-20 14:03:53,533 [INFO] IPUIPlugin:65 - create IPUIPlugin
2020-07-20 14:03:53,605 [WARN] IP:1936 - I2C_Coeff_DF not found: check if there is a RefParameter without a condition.
2020-07-20 14:03:53,606 [WARN] IP:1936 - Analog_Filter not found: check if there is a RefParameter without a condition.
2020-07-20 14:03:53,648 [INFO] I2sManager:616 - 9.6E7
2020-07-20 14:03:53,648 [INFO] I2sManager:173 - I2S Clock Value : 9.6E7
2020-07-20 14:03:53,650 [INFO] I2sManager:510 - AudioClock : 93750Divider : 2Odd : 0
2020-07-20 14:03:53,785 [INFO] LogOutputStream:76 - [STDOUT_REDIRECT] toolchainItems.length=====1
2020-07-20 14:03:54,090 [INFO] OpenFileManager:294 - Restore cursor
2020-07-20 14:03:54,219 [WARN] IP:1936 - I2C_Coeff_DF not found: check if there is a RefParameter without a condition.
2020-07-20 14:03:54,219 [WARN] IP:1936 - Analog_Filter not found: check if there is a RefParameter without a condition.
2020-07-20 14:03:54,220 [WARN] IP:1936 - I2C_Coeff_DF not found: check if there is a RefParameter without a condition.
2020-07-20 14:03:54,220 [WARN] IP:1936 - Analog_Filter not found: check if there is a RefParameter without a condition.
2020-07-20 14:03:54,601 [INFO] ApiDbMcu:451 - Load IP Config File for USB_HOST
2020-07-20 14:03:55,351 [INFO] UtilMem:74 - End SaveConfig() Used Memory: 400005960 Bytes (862978048)
2020-07-20 14:03:55,841 [INFO] UtilMem:74 - End SaveConfig() Used Memory: 408394568 Bytes (862978048)
2020-07-20 14:03:57,362 [INFO] BlockDiagram:2671 - set Specific Code input for plugin: SPI
2020-07-20 14:03:57,362 [INFO] BlockDiagram:2671 - set Specific Code input for plugin: I2S
2020-07-20 14:03:57,362 [INFO] BlockDiagram:2671 - set Specific Code input for plugin: SYS
2020-07-20 14:03:57,362 [INFO] BlockDiagram:2671 - set Specific Code input for plugin: RCC
2020-07-20 14:03:57,363 [INFO] BlockDiagram:2671 - set Specific Code input for plugin: I2C
2020-07-20 14:03:57,363 [INFO] BlockDiagram:2671 - set Specific Code input for plugin: USB_OTG_FS
2020-07-20 14:03:57,363 [INFO] BlockDiagram:2671 - set Specific Code input for plugin: NVIC
2020-07-20 14:03:57,363 [INFO] BlockDiagram:2671 - set Specific Code input for plugin: USB_HOST
2020-07-20 14:03:57,364 [INFO] BlockDiagram:2671 - set Specific Code input for plugin: GPIO
2020-07-20 14:03:57,365 [INFO] CodeGenerator:603 - code generatio: config db path: C:\ST\STM32CubeIDE_1.3.0\STM32CubeIDE\plugins\com.st.stm32cube.common.mx_5.6.1.202004052303\\db\
2020-07-20 14:03:57,399 [WARN] IP:1936 - I2C_Coeff_DF not found: check if there is a RefParameter without a condition.
2020-07-20 14:03:57,400 [WARN] IP:1936 - Analog_Filter not found: check if there is a RefParameter without a condition.
2020-07-20 14:04:00,055 [INFO] CodeEngine:188 - oldGeneratedFile, D:\UiPath\Microcontroller Embedded C\Main\My_Workspace\Host\inline\MXTmpFiles\license.tmp_save
2020-07-20 14:04:00,985 [INFO] CodeEngine:206 - Generated code: D:\UiPath\Microcontroller Embedded C\Main\My_Workspace\Host\inline\MXTmpFiles\license.tmp
2020-07-20 14:04:01,634 [INFO] CodeEngine:188 - oldGeneratedFile, D:\UiPath\Microcontroller Embedded C\Main\My_Workspace\Host\inline\MXTmpFiles\gpio.tmp_save
2020-07-20 14:04:02,441 [INFO] CodeEngine:206 - Generated code: D:\UiPath\Microcontroller Embedded C\Main\My_Workspace\Host\inline\MXTmpFiles\gpio.tmp
2020-07-20 14:04:02,486 [INFO] LogOutputStream:76 - [STDOUT_REDIRECT] Command line test
2020-07-20 14:04:03,320 [INFO] CodeEngine:188 - oldGeneratedFile, D:\UiPath\Microcontroller Embedded C\Main\My_Workspace\Host\inline\MXTmpFiles\usb_otg_fs_vars.tmp_save
2020-07-20 14:04:03,937 [INFO] CodeEngine:206 - Generated code: D:\UiPath\Microcontroller Embedded C\Main\My_Workspace\Host\inline\MXTmpFiles\usb_otg_fs_vars.tmp
2020-07-20 14:04:04,099 [INFO] CodeEngine:188 - oldGeneratedFile, D:\UiPath\Microcontroller Embedded C\Main\My_Workspace\Host\inline\MXTmpFiles\usb_otg_fs_inc.tmp_save
2020-07-20 14:04:04,674 [INFO] CodeEngine:206 - Generated code: D:\UiPath\Microcontroller Embedded C\Main\My_Workspace\Host\inline\MXTmpFiles\usb_otg_fs_inc.tmp
2020-07-20 14:04:05,140 [INFO] CodeEngine:188 - oldGeneratedFile, D:\UiPath\Microcontroller Embedded C\Main\My_Workspace\Host\inline\MXTmpFiles\usb_otg_fs_HalInit.tmp_save
2020-07-20 14:04:05,889 [INFO] CodeEngine:206 - Generated code: D:\UiPath\Microcontroller Embedded C\Main\My_Workspace\Host\inline\MXTmpFiles\usb_otg_fs_HalInit.tmp
2020-07-20 14:04:06,106 [INFO] CodeEngine:188 - oldGeneratedFile, D:\UiPath\Microcontroller Embedded C\Main\My_Workspace\Host\inline\MXTmpFiles\usb_otg_fs_Msp.tmp_save
2020-07-20 14:04:06,889 [INFO] CodeEngine:206 - Generated code: D:\UiPath\Microcontroller Embedded C\Main\My_Workspace\Host\inline\MXTmpFiles\usb_otg_fs_Msp.tmp
2020-07-20 14:04:08,470 [INFO] LogOutputStream:76 - [STDOUT_REDIRECT] Command line
2020-07-20 14:04:08,474 [INFO] LogOutputStream:76 - [STDOUT_REDIRECT] Debug : prepare data for I2C
2020-07-20 14:04:08,476 [INFO] LogOutputStream:76 - [STDOUT_REDIRECT] Command line test
2020-07-20 14:04:08,480 [INFO] LogOutputStream:76 - [STDOUT_REDIRECT] Command line
2020-07-20 14:04:08,483 [INFO] LogOutputStream:76 - [STDOUT_REDIRECT] Debug : prepare data for I2S
2020-07-20 14:04:08,484 [INFO] LogOutputStream:76 - [STDOUT_REDIRECT] Command line test
2020-07-20 14:04:08,487 [INFO] LogOutputStream:76 - [STDOUT_REDIRECT] Command line
2020-07-20 14:04:08,489 [INFO] LogOutputStream:76 - [STDOUT_REDIRECT] Debug : prepare data for SPI
2020-07-20 14:04:08,491 [INFO] LogOutputStream:76 - [STDOUT_REDIRECT] Command line test
2020-07-20 14:04:08,500 [INFO] LogOutputStream:76 - [STDOUT_REDIRECT] Command line
2020-07-20 14:04:08,635 [INFO] CodeEngine:188 - oldGeneratedFile, D:\UiPath\Microcontroller Embedded C\Main\My_Workspace\Host\inline\USB_HOST\App\usb_host.c_save
2020-07-20 14:04:08,979 [INFO] CodeEngine:206 - Generated code: D:\UiPath\Microcontroller Embedded C\Main\My_Workspace\Host\inline\USB_HOST\App\usb_host.c
2020-07-20 14:04:09,121 [INFO] CodeEngine:188 - oldGeneratedFile, D:\UiPath\Microcontroller Embedded C\Main\My_Workspace\Host\inline\USB_HOST\App\usb_host.h_save
2020-07-20 14:04:09,317 [INFO] CodeEngine:206 - Generated code: D:\UiPath\Microcontroller Embedded C\Main\My_Workspace\Host\inline\USB_HOST\App\usb_host.h
2020-07-20 14:04:09,402 [INFO] CodeEngine:188 - oldGeneratedFile, D:\UiPath\Microcontroller Embedded C\Main\My_Workspace\Host\inline\USB_HOST\Target\usbh_conf.h_save
2020-07-20 14:04:09,672 [INFO] CodeEngine:206 - Generated code: D:\UiPath\Microcontroller Embedded C\Main\My_Workspace\Host\inline\USB_HOST\Target\usbh_conf.h
2020-07-20 14:04:09,734 [INFO] CodeEngine:188 - oldGeneratedFile, D:\UiPath\Microcontroller Embedded C\Main\My_Workspace\Host\inline\USB_HOST\Target\usbh_conf.c_save
2020-07-20 14:04:09,904 [INFO] CodeEngine:206 - Generated code: D:\UiPath\Microcontroller Embedded C\Main\My_Workspace\Host\inline\USB_HOST\Target\usbh_conf.c
2020-07-20 14:04:09,949 [INFO] CodeEngine:188 - oldGeneratedFile, D:\UiPath\Microcontroller Embedded C\Main\My_Workspace\Host\inline\USB_HOST\Target\usbh_platform.c_save
2020-07-20 14:04:10,140 [INFO] CodeEngine:206 - Generated code: D:\UiPath\Microcontroller Embedded C\Main\My_Workspace\Host\inline\USB_HOST\Target\usbh_platform.c
2020-07-20 14:04:10,246 [INFO] CodeEngine:188 - oldGeneratedFile, D:\UiPath\Microcontroller Embedded C\Main\My_Workspace\Host\inline\USB_HOST\Target\usbh_platform.h_save
2020-07-20 14:04:10,367 [INFO] CodeEngine:206 - Generated code: D:\UiPath\Microcontroller Embedded C\Main\My_Workspace\Host\inline\USB_HOST\Target\usbh_platform.h
2020-07-20 14:04:10,370 [INFO] LogOutputStream:76 - [STDOUT_REDIRECT] Debug : prepare data for NVIC
2020-07-20 14:04:10,373 [INFO] LogOutputStream:76 - [STDOUT_REDIRECT] Command line test
2020-07-20 14:04:10,468 [INFO] CodeEngine:188 - oldGeneratedFile, D:\UiPath\Microcontroller Embedded C\Main\My_Workspace\Host\inline\Core\Src\stm32f4xx_it.c_save
2020-07-20 14:04:10,710 [INFO] CodeEngine:206 - Generated code: D:\UiPath\Microcontroller Embedded C\Main\My_Workspace\Host\inline\Core\Src\stm32f4xx_it.c
2020-07-20 14:04:10,766 [INFO] CodeEngine:188 - oldGeneratedFile, D:\UiPath\Microcontroller Embedded C\Main\My_Workspace\Host\inline\Core\Inc\stm32f4xx_it.h_save
2020-07-20 14:04:10,885 [INFO] CodeEngine:206 - Generated code: D:\UiPath\Microcontroller Embedded C\Main\My_Workspace\Host\inline\Core\Inc\stm32f4xx_it.h
2020-07-20 14:04:11,020 [INFO] CodeEngine:188 - oldGeneratedFile, D:\UiPath\Microcontroller Embedded C\Main\My_Workspace\Host\inline\Core\Src\stm32f4xx_hal_msp.c_save
2020-07-20 14:04:11,403 [INFO] CodeEngine:206 - Generated code: D:\UiPath\Microcontroller Embedded C\Main\My_Workspace\Host\inline\Core\Src\stm32f4xx_hal_msp.c
2020-07-20 14:04:11,469 [INFO] CodeEngine:188 - oldGeneratedFile, D:\UiPath\Microcontroller Embedded C\Main\My_Workspace\Host\inline\MXTmpFiles\system.tmp_save
2020-07-20 14:04:11,665 [INFO] CodeEngine:206 - Generated code: D:\UiPath\Microcontroller Embedded C\Main\My_Workspace\Host\inline\MXTmpFiles\system.tmp
2020-07-20 14:04:11,798 [INFO] CodeEngine:188 - oldGeneratedFile, D:\UiPath\Microcontroller Embedded C\Main\My_Workspace\Host\inline\Core\Inc\stm32f4xx_hal_conf.h_save
2020-07-20 14:04:12,153 [INFO] CodeEngine:206 - Generated code: D:\UiPath\Microcontroller Embedded C\Main\My_Workspace\Host\inline\Core\Inc\stm32f4xx_hal_conf.h
2020-07-20 14:04:12,241 [WARN] IPConfigManager:2701 - IP not found : gpio
2020-07-20 14:04:12,302 [WARN] CodeGenerator:2649 - IP not found : gpio
2020-07-20 14:04:12,507 [INFO] CodeEngine:188 - oldGeneratedFile, D:\UiPath\Microcontroller Embedded C\Main\My_Workspace\Host\inline\Core\Inc\main.h_save
2020-07-20 14:04:12,824 [INFO] CodeEngine:206 - Generated code: D:\UiPath\Microcontroller Embedded C\Main\My_Workspace\Host\inline\Core\Inc\main.h
2020-07-20 14:04:13,022 [INFO] CodeEngine:188 - oldGeneratedFile, D:\UiPath\Microcontroller Embedded C\Main\My_Workspace\Host\inline\Core\Src\main.c_save
2020-07-20 14:04:13,606 [INFO] CodeEngine:206 - Generated code: D:\UiPath\Microcontroller Embedded C\Main\My_Workspace\Host\inline\Core\Src\main.c
2020-07-20 14:04:20,973 [INFO] ProjectBuilder:2002 - Time for Copy HAL[1] : 5034mS.
2020-07-20 14:04:21,015 [INFO] ProjectBuilder:2727 - Project Generator version: 3.7.1
2020-07-20 14:04:21,956 [INFO] ConfigFileManager:1066 - The Die is : DIE413
2020-07-20 14:04:52,012 [INFO] ProjectBuilder:2894 - Time for Generating toolchain IDE Files: 30997mS.
2020-07-20 14:04:52,015 [INFO] ProjectBuilder:1878 - Time for Copy CMSIS : 1mS.
2020-07-20 14:04:52,021 [INFO] ProjectBuilder:1878 - Time for Copy CMSIS : 0mS.
2020-07-20 14:05:36,566 [INFO] MainUpdater:2230 - connection check result : 10
2020-07-20 14:05:36,567 [INFO] LogOutputStream:76 - [STDOUT_REDIRECT] Successfull proxy connection.
2020-07-20 14:05:36,617 [INFO] McuFinderGlobals:40 - Set McuFinder mode to 2 (CubeIDE integrated)
2020-07-20 14:05:36,618 [INFO] FinderPluginLoader:86 - Searching for filters in installed packs
2020-07-20 14:05:37,569 [INFO] LoadUrlFilesThread:161 - End of LoadServerUrlFiles without Thread
2020-07-20 14:05:37,571 [INFO] McuDetailPanel:181 - Set advertising image to C:/Users/mglocadmin/STM32Cube/Repository/\PR_B-L4S5-IOT01A_X-Cube_web.jpg
2020-07-20 14:05:37,855 [INFO] McuFilterPanel:249 - Update 0 favorites MCUs
2020-07-20 14:05:38,324 [INFO] LoadUrlFilesThread:161 - End of LoadServerUrlFiles without Thread
2020-07-20 14:05:38,325 [INFO] BoardDetailPanel:180 - Set advertising image to C:/Users/mglocadmin/STM32Cube/Repository/\PR_B-L4S5-IOT01A_X-Cube_web.jpg
2020-07-20 14:05:38,348 [INFO] BoardFilterPanel:211 - Update 0 favorites Boards
2020-07-20 14:05:38,385 [INFO] CrossSelectorPresenter:1319 - Cross Selector saved comparison directory: C:\Users\mglocadmin\.stmcufinder\plugins\mcufinder\mcu\cs_comparisons_mx
2020-07-20 14:06:26,765 [INFO] LogOutputStream:76 - [STDOUT_REDIRECT] withoutVersionV1.11.0
